2018-04-04T10:10:16.204 [main] INFO  fr.vsct.tock.shared.jackson.Jackson - init jackson mapper
2018-04-04T10:10:16.703 [main] DEBUG fr.vsct.tock.bot.BotIoc - Start bot injection
2018-04-04T10:10:16.806 [main] INFO  fr.vsct.tock.shared.Mongo - get database tock_bot
2018-04-04T10:10:16.808 [main] INFO  fr.vsct.tock.shared.Mongo - init mongo jackson mapper with additional modules [com.fasterxml.jackson.databind.module.SimpleModule@33ecda92]
2018-04-04T10:10:18.045 [main] INFO  org.mongodb.driver.cluster - Cluster created with settings {hosts=[localhost:27017], mode=SINGLE, requiredClusterType=UNKNOWN, serverSelectionTimeout='30000 ms', maxWaitQueueSize=500}
2018-04-04T10:10:18.226 [main] INFO  org.mongodb.driver.cluster - Cluster description not yet available. Waiting for 30000 ms before timing out
2018-04-04T10:10:18.304 [cluster-ClusterId{value='5ac4886a1f89af1f18e1ae53', description='null'}-localhost:27017] INFO  org.mongodb.driver.connection - Opened connection [connectionId{localValue:1, serverValue:7}] to localhost:27017
2018-04-04T10:10:18.313 [cluster-ClusterId{value='5ac4886a1f89af1f18e1ae53', description='null'}-localhost:27017] INFO  org.mongodb.driver.cluster - Monitor thread successfully connected to server with description ServerDescription{address=localhost:27017, type=STANDALONE, state=CONNECTED, ok=true, version=ServerVersion{versionList=[3, 6, 3]}, minWireVersion=0, maxWireVersion=6, maxDocumentSize=16777216, logicalSessionTimeoutMinutes=30, roundTripTimeNanos=5671847}
2018-04-04T10:10:18.354 [main] INFO  org.mongodb.driver.connection - Opened connection [connectionId{localValue:2, serverValue:8}] to localhost:27017
2018-04-04T10:10:19.290 [main] INFO  fr.vsct.tock.bot.engine.TockConnectorController - Register connector Connector(messenger) for bot Wrapper(fr.vsct.tock.bot.definition.BotDefinitionBase@37095ded)
2018-04-04T10:10:23.250 [main] INFO  fr.vsct.tock.bot.engine.config.BotConfigurationSynchronizer - start bot configuration synchronizer
2018-04-04T10:10:26.020 [main] INFO  fr.vsct.tock.bot.engine.TockConnectorController - Register connector Connector(rest) for bot Wrapper(fr.vsct.tock.bot.definition.BotDefinitionBase@37095ded)
2018-04-04T10:10:26.028 [main] INFO  fr.vsct.tock.bot.connector.rest.RestConnector - deploy rest connector to /rest/rest-Please specify facebook page id
2018-04-04T10:10:26.069 [main] INFO  fr.vsct.tock.bot.engine.TockConnectorController - Register connector Connector(ga) for bot Wrapper(fr.vsct.tock.bot.definition.BotDefinitionBase@37095ded)
2018-04-04T10:10:26.149 [main] INFO  fr.vsct.tock.bot.engine.TockConnectorController - Register connector Connector(rest) for bot Wrapper(fr.vsct.tock.bot.definition.BotDefinitionBase@37095ded)
2018-04-04T10:10:26.150 [main] INFO  fr.vsct.tock.bot.connector.rest.RestConnector - deploy rest connector to /rest/rest-gaApp
2018-04-04T10:10:26.197 [main] INFO  fr.vsct.tock.bot.engine.TockConnectorController - Register connector Connector(slack) for bot Wrapper(fr.vsct.tock.bot.definition.BotDefinitionBase@37095ded)
2018-04-04T10:10:26.206 [main] INFO  fr.vsct.tock.bot.engine.TockConnectorController - Register connector Connector(rest) for bot Wrapper(fr.vsct.tock.bot.definition.BotDefinitionBase@37095ded)
2018-04-04T10:10:26.206 [main] INFO  fr.vsct.tock.bot.connector.rest.RestConnector - deploy rest connector to /rest/rest-slackApp
2018-04-04T10:10:26.314 [vert.x-worker-thread-0] INFO  fr.vsct.tock.bot.connector.messenger.MessengerConnector - deploy rest messenger connector services for root path /messenger 
2018-04-04T10:10:26.318 [vert.x-worker-thread-0] INFO  fr.vsct.tock.bot.connector.ga.GAConnector - deploy rest google assistant services for root path /ga/gaApp 
2018-04-04T10:10:26.543 [vert.x-eventloop-thread-1] INFO  fr.vsct.tock.bot.engine.BotVerticle - BotVerticle started on port 8181
2018-04-04T10:11:35.313 [vert.x-worker-thread-7] WARN  org.mongodb.driver.connection - Got socket exception on connection [connectionId{localValue:2, serverValue:8}] to localhost:27017. All connections to localhost:27017 will be closed.
2018-04-04T10:11:35.334 [vert.x-worker-thread-7] INFO  org.mongodb.driver.connection - Closed connection [connectionId{localValue:2, serverValue:8}] to localhost:27017 because there was a socket exception raised by this connection.
2018-04-04T10:11:35.335 [vert.x-worker-thread-7] INFO  org.mongodb.driver.cluster - Cluster description not yet available. Waiting for 30000 ms before timing out
2018-04-04T10:11:35.354 [cluster-ClusterId{value='5ac4886a1f89af1f18e1ae53', description='null'}-localhost:27017] INFO  org.mongodb.driver.cluster - Exception in monitor thread while connecting to server localhost:27017
com.mongodb.MongoSocketReadException: Exception receiving message
	at com.mongodb.connection.InternalStreamConnection.translateReadException(InternalStreamConnection.java:536)
	at com.mongodb.connection.InternalStreamConnection.receiveMessage(InternalStreamConnection.java:421)
	at com.mongodb.connection.InternalStreamConnection.receiveCommandMessageResponse(InternalStreamConnection.java:290)
	at com.mongodb.connection.InternalStreamConnection.sendAndReceive(InternalStreamConnection.java:255)
	at com.mongodb.connection.CommandHelper.sendAndReceive(CommandHelper.java:84)
	at com.mongodb.connection.CommandHelper.executeCommand(CommandHelper.java:34)
	at com.mongodb.connection.InternalStreamConnectionInitializer.initializeConnectionDescription(InternalStreamConnectionInitializer.java:91)
	at com.mongodb.connection.InternalStreamConnectionInitializer.initialize(InternalStreamConnectionInitializer.java:51)
	at com.mongodb.connection.InternalStreamConnection.open(InternalStreamConnection.java:127)
	at com.mongodb.connection.DefaultServerMonitor$ServerMonitorRunnable.run(DefaultServerMonitor.java:128)
	at java.base/java.lang.Thread.run(Thread.java:844)
Caused by: java.net.SocketException: Connection reset
	at java.base/java.net.SocketInputStream.read(SocketInputStream.java:210)
	at java.base/java.net.SocketInputStream.read(SocketInputStream.java:141)
	at com.mongodb.connection.SocketStream.read(SocketStream.java:84)
	at com.mongodb.connection.InternalStreamConnection.receiveResponseBuffers(InternalStreamConnection.java:547)
	at com.mongodb.connection.InternalStreamConnection.receiveMessage(InternalStreamConnection.java:418)
	... 9 common frames omitted
2018-04-04T10:11:35.858 [cluster-ClusterId{value='5ac4886a1f89af1f18e1ae53', description='null'}-localhost:27017] INFO  org.mongodb.driver.cluster - Exception in monitor thread while connecting to server localhost:27017
com.mongodb.MongoSocketOpenException: Exception opening socket
	at com.mongodb.connection.SocketStream.open(SocketStream.java:62)
	at com.mongodb.connection.InternalStreamConnection.open(InternalStreamConnection.java:126)
	at com.mongodb.connection.DefaultServerMonitor$ServerMonitorRunnable.run(DefaultServerMonitor.java:114)
	at java.base/java.lang.Thread.run(Thread.java:844)
Caused by: java.net.ConnectException: Connexion refusée (Connection refused)
	at java.base/java.net.PlainSocketImpl.socketConnect(Native Method)
	at java.base/java.net.AbstractPlainSocketImpl.doConnect(AbstractPlainSocketImpl.java:400)
	at java.base/java.net.AbstractPlainSocketImpl.connectToAddress(AbstractPlainSocketImpl.java:243)
	at java.base/java.net.AbstractPlainSocketImpl.connect(AbstractPlainSocketImpl.java:225)
	at java.base/java.net.SocksSocketImpl.connect(SocksSocketImpl.java:402)
	at java.base/java.net.Socket.connect(Socket.java:591)
	at com.mongodb.connection.SocketStreamHelper.initialize(SocketStreamHelper.java:59)
	at com.mongodb.connection.SocketStream.open(SocketStream.java:57)
	... 3 common frames omitted
2018-04-04T10:11:45.282 [vert.x-worker-thread-8] INFO  org.mongodb.driver.cluster - Cluster description not yet available. Waiting for 30000 ms before timing out
2018-04-04T10:11:55.278 [vert.x-worker-thread-9] INFO  org.mongodb.driver.cluster - Cluster description not yet available. Waiting for 30000 ms before timing out
2018-04-04T10:12:05.280 [vert.x-worker-thread-10] INFO  org.mongodb.driver.cluster - Cluster description not yet available. Waiting for 30000 ms before timing out
2018-04-04T10:12:05.338 [vert.x-worker-thread-7] ERROR fr.vsct.tock.bot.engine.config.BotConfigurationSynchronizer - Timed out after 30000 ms while waiting to connect. Client view of cluster state is {type=UNKNOWN, servers=[{address=localhost:27017, type=UNKNOWN, state=CONNECTING, exception={com.mongodb.MongoSocketOpenException: Exception opening socket}, caused by {java.net.ConnectException: Connexion refusée (Connection refused)}}]
com.mongodb.MongoTimeoutException: Timed out after 30000 ms while waiting to connect. Client view of cluster state is {type=UNKNOWN, servers=[{address=localhost:27017, type=UNKNOWN, state=CONNECTING, exception={com.mongodb.MongoSocketOpenException: Exception opening socket}, caused by {java.net.ConnectException: Connexion refusée (Connection refused)}}]
	at com.mongodb.connection.BaseCluster.getDescription(BaseCluster.java:167)
	at com.mongodb.internal.session.ServerSessionPool.shouldPrune(ServerSessionPool.java:135)
	at com.mongodb.internal.session.ServerSessionPool.access$300(ServerSessionPool.java:45)
	at com.mongodb.internal.session.ServerSessionPool$ServerSessionItemFactory.shouldPrune(ServerSessionPool.java:198)
	at com.mongodb.internal.session.ServerSessionPool$ServerSessionItemFactory.shouldPrune(ServerSessionPool.java:185)
	at com.mongodb.internal.connection.ConcurrentPool.prune(ConcurrentPool.java:155)
	at com.mongodb.internal.session.ServerSessionPool.release(ServerSessionPool.java:86)
	at com.mongodb.internal.session.ClientSessionImpl.close(ClientSessionImpl.java:114)
	at com.mongodb.ClientSessionBinding.closeSessionIfCountIsZero(ClientSessionBinding.java:67)
	at com.mongodb.ClientSessionBinding.release(ClientSessionBinding.java:62)
	at com.mongodb.Mongo$3.execute(Mongo.java:828)
	at com.mongodb.MongoIterableImpl.execute(MongoIterableImpl.java:130)
	at com.mongodb.MongoIterableImpl.iterator(MongoIterableImpl.java:77)
	at com.mongodb.MongoIterableImpl.iterator(MongoIterableImpl.java:32)
	at kotlin.collections.CollectionsKt___CollectionsKt.firstOrNull(_Collections.kt:203)
	at fr.vsct.tock.bot.mongo.StoryDefinitionConfigurationMongoDAO.getLastUpdateTimestamp(StoryDefinitionConfigurationMongoDAO.kt:70)
	at fr.vsct.tock.bot.engine.config.BotConfigurationSynchronizer.refresh(BotConfigurationSynchronizer.kt:64)
	at fr.vsct.tock.bot.engine.config.BotConfigurationSynchronizer.access$refresh(BotConfigurationSynchronizer.kt:34)
	at fr.vsct.tock.bot.engine.config.BotConfigurationSynchronizer$2.invoke(BotConfigurationSynchronizer.kt:51)
	at fr.vsct.tock.bot.engine.config.BotConfigurationSynchronizer$2.invoke(BotConfigurationSynchronizer.kt:34)
	at fr.vsct.tock.shared.vertx.VertxKt$vertxExecutor$1.invoke(vertx.kt:113)
	at fr.vsct.tock.shared.vertx.VertxKt$vertxExecutor$1.access$invoke(vertx.kt:71)
	at fr.vsct.tock.shared.vertx.VertxKt$vertxExecutor$1$executeBlocking$2.invoke(vertx.kt:85)
	at fr.vsct.tock.shared.vertx.VertxKt$vertxExecutor$1$executeBlocking$2.invoke(vertx.kt:71)
	at fr.vsct.tock.shared.vertx.VertxKt$blocking$1.handle(vertx.kt:54)
	at fr.vsct.tock.shared.vertx.VertxKt$blocking$1.handle(vertx.kt)
	at io.vertx.core.impl.ContextImpl.lambda$executeBlocking$1(ContextImpl.java:273)
	at java.base/java.util.concurrent.ThreadPoolExecutor.runWorker(ThreadPoolExecutor.java:1167)
	at java.base/java.util.concurrent.ThreadPoolExecutor$Worker.run(ThreadPoolExecutor.java:641)
	at io.netty.util.concurrent.FastThreadLocalRunnable.run(FastThreadLocalRunnable.java:30)
	at java.base/java.lang.Thread.run(Thread.java:844)
2018-04-04T10:12:05.340 [vert.x-worker-thread-7] INFO  org.mongodb.driver.cluster - Cluster description not yet available. Waiting for 30000 ms before timing out
2018-04-04T10:12:15.280 [vert.x-worker-thread-11] INFO  org.mongodb.driver.cluster - Cluster description not yet available. Waiting for 30000 ms before timing out
2018-04-04T10:12:15.284 [vert.x-worker-thread-8] ERROR fr.vsct.tock.bot.engine.config.BotConfigurationSynchronizer - Timed out after 30000 ms while waiting to connect. Client view of cluster state is {type=UNKNOWN, servers=[{address=localhost:27017, type=UNKNOWN, state=CONNECTING, exception={com.mongodb.MongoSocketOpenException: Exception opening socket}, caused by {java.net.ConnectException: Connexion refusée (Connection refused)}}]
com.mongodb.MongoTimeoutException: Timed out after 30000 ms while waiting to connect. Client view of cluster state is {type=UNKNOWN, servers=[{address=localhost:27017, type=UNKNOWN, state=CONNECTING, exception={com.mongodb.MongoSocketOpenException: Exception opening socket}, caused by {java.net.ConnectException: Connexion refusée (Connection refused)}}]
	at com.mongodb.connection.BaseCluster.getDescription(BaseCluster.java:167)
	at com.mongodb.Mongo.getConnectedClusterDescription(Mongo.java:885)
	at com.mongodb.Mongo.createClientSession(Mongo.java:877)
	at com.mongodb.Mongo$3.getClientSession(Mongo.java:866)
	at com.mongodb.Mongo$3.execute(Mongo.java:823)
	at com.mongodb.MongoIterableImpl.execute(MongoIterableImpl.java:130)
	at com.mongodb.MongoIterableImpl.iterator(MongoIterableImpl.java:77)
	at com.mongodb.MongoIterableImpl.iterator(MongoIterableImpl.java:32)
	at kotlin.collections.CollectionsKt___CollectionsKt.firstOrNull(_Collections.kt:203)
	at fr.vsct.tock.bot.mongo.StoryDefinitionConfigurationMongoDAO.getLastUpdateTimestamp(StoryDefinitionConfigurationMongoDAO.kt:70)
	at fr.vsct.tock.bot.engine.config.BotConfigurationSynchronizer.refresh(BotConfigurationSynchronizer.kt:64)
	at fr.vsct.tock.bot.engine.config.BotConfigurationSynchronizer.access$refresh(BotConfigurationSynchronizer.kt:34)
	at fr.vsct.tock.bot.engine.config.BotConfigurationSynchronizer$2.invoke(BotConfigurationSynchronizer.kt:51)
	at fr.vsct.tock.bot.engine.config.BotConfigurationSynchronizer$2.invoke(BotConfigurationSynchronizer.kt:34)
	at fr.vsct.tock.shared.vertx.VertxKt$vertxExecutor$1.invoke(vertx.kt:113)
	at fr.vsct.tock.shared.vertx.VertxKt$vertxExecutor$1.access$invoke(vertx.kt:71)
	at fr.vsct.tock.shared.vertx.VertxKt$vertxExecutor$1$executeBlocking$2.invoke(vertx.kt:85)
	at fr.vsct.tock.shared.vertx.VertxKt$vertxExecutor$1$executeBlocking$2.invoke(vertx.kt:71)
	at fr.vsct.tock.shared.vertx.VertxKt$blocking$1.handle(vertx.kt:54)
	at fr.vsct.tock.shared.vertx.VertxKt$blocking$1.handle(vertx.kt)
	at io.vertx.core.impl.ContextImpl.lambda$executeBlocking$1(ContextImpl.java:273)
	at java.base/java.util.concurrent.ThreadPoolExecutor.runWorker(ThreadPoolExecutor.java:1167)
	at java.base/java.util.concurrent.ThreadPoolExecutor$Worker.run(ThreadPoolExecutor.java:641)
	at io.netty.util.concurrent.FastThreadLocalRunnable.run(FastThreadLocalRunnable.java:30)
	at java.base/java.lang.Thread.run(Thread.java:844)
2018-04-04T10:12:15.285 [vert.x-worker-thread-8] INFO  org.mongodb.driver.cluster - Cluster description not yet available. Waiting for 30000 ms before timing out
2018-04-04T10:16:22.236 [main] INFO  fr.vsct.tock.shared.jackson.Jackson - init jackson mapper
2018-04-04T10:16:22.900 [main] DEBUG fr.vsct.tock.bot.BotIoc - Start bot injection
2018-04-04T10:16:22.990 [main] INFO  fr.vsct.tock.shared.Mongo - get database tock_bot
2018-04-04T10:16:22.992 [main] INFO  fr.vsct.tock.shared.Mongo - init mongo jackson mapper with additional modules [com.fasterxml.jackson.databind.module.SimpleModule@6e2829c7]
2018-04-04T10:16:24.325 [main] INFO  org.mongodb.driver.cluster - Cluster created with settings {hosts=[localhost:27017], mode=SINGLE, requiredClusterType=UNKNOWN, serverSelectionTimeout='30000 ms', maxWaitQueueSize=500}
2018-04-04T10:16:24.521 [cluster-ClusterId{value='5ac489d89eea24260af44c55', description='null'}-localhost:27017] INFO  org.mongodb.driver.connection - Opened connection [connectionId{localValue:1, serverValue:8}] to localhost:27017
2018-04-04T10:16:24.538 [cluster-ClusterId{value='5ac489d89eea24260af44c55', description='null'}-localhost:27017] INFO  org.mongodb.driver.cluster - Monitor thread successfully connected to server with description ServerDescription{address=localhost:27017, type=STANDALONE, state=CONNECTED, ok=true, version=ServerVersion{versionList=[3, 6, 3]}, minWireVersion=0, maxWireVersion=6, maxDocumentSize=16777216, logicalSessionTimeoutMinutes=30, roundTripTimeNanos=9765953}
2018-04-04T10:16:24.644 [main] INFO  org.mongodb.driver.connection - Opened connection [connectionId{localValue:2, serverValue:9}] to localhost:27017
2018-04-04T10:16:25.181 [main] INFO  fr.vsct.tock.bot.engine.TockConnectorController - Register connector Connector(messenger) for bot Wrapper(fr.vsct.tock.bot.definition.BotDefinitionBase@5560bcdf)
2018-04-04T10:16:38.442 [main] INFO  fr.vsct.tock.bot.engine.config.BotConfigurationSynchronizer - start bot configuration synchronizer
2018-04-04T10:16:48.016 [main] INFO  fr.vsct.tock.bot.engine.TockConnectorController - Register connector Connector(rest) for bot Wrapper(fr.vsct.tock.bot.definition.BotDefinitionBase@5560bcdf)
2018-04-04T10:16:48.018 [main] INFO  fr.vsct.tock.bot.connector.rest.RestConnector - deploy rest connector to /rest/rest-Please specify facebook page id
2018-04-04T10:16:49.384 [main] INFO  fr.vsct.tock.bot.engine.TockConnectorController - Register connector Connector(ga) for bot Wrapper(fr.vsct.tock.bot.definition.BotDefinitionBase@5560bcdf)
2018-04-04T10:16:49.397 [main] INFO  fr.vsct.tock.bot.engine.TockConnectorController - Register connector Connector(rest) for bot Wrapper(fr.vsct.tock.bot.definition.BotDefinitionBase@5560bcdf)
2018-04-04T10:16:49.397 [main] INFO  fr.vsct.tock.bot.connector.rest.RestConnector - deploy rest connector to /rest/rest-gaApp
2018-04-04T10:16:49.420 [main] INFO  fr.vsct.tock.bot.engine.TockConnectorController - Register connector Connector(slack) for bot Wrapper(fr.vsct.tock.bot.definition.BotDefinitionBase@5560bcdf)
2018-04-04T10:16:49.430 [main] INFO  fr.vsct.tock.bot.engine.TockConnectorController - Register connector Connector(rest) for bot Wrapper(fr.vsct.tock.bot.definition.BotDefinitionBase@5560bcdf)
2018-04-04T10:16:49.430 [main] INFO  fr.vsct.tock.bot.connector.rest.RestConnector - deploy rest connector to /rest/rest-slackApp
2018-04-04T10:16:49.570 [vert.x-worker-thread-0] INFO  fr.vsct.tock.bot.connector.messenger.MessengerConnector - deploy rest messenger connector services for root path /messenger 
2018-04-04T10:16:49.576 [vert.x-worker-thread-0] INFO  fr.vsct.tock.bot.connector.ga.GAConnector - deploy rest google assistant services for root path /ga/gaApp 
2018-04-04T10:16:50.625 [vert.x-eventloop-thread-1] INFO  fr.vsct.tock.bot.engine.BotVerticle - BotVerticle started on port 8181
2018-04-04T10:27:06.497 [cluster-ClusterId{value='5ac489d89eea24260af44c55', description='null'}-localhost:27017] INFO  org.mongodb.driver.cluster - Exception in monitor thread while connecting to server localhost:27017
com.mongodb.MongoSocketOpenException: Exception opening socket
	at com.mongodb.connection.SocketStream.open(SocketStream.java:62)
	at com.mongodb.connection.InternalStreamConnection.open(InternalStreamConnection.java:126)
	at com.mongodb.connection.DefaultServerMonitor$ServerMonitorRunnable.run(DefaultServerMonitor.java:128)
	at java.base/java.lang.Thread.run(Thread.java:844)
Caused by: java.net.ConnectException: Connexion refusée (Connection refused)
	at java.base/java.net.PlainSocketImpl.socketConnect(Native Method)
	at java.base/java.net.AbstractPlainSocketImpl.doConnect(AbstractPlainSocketImpl.java:400)
	at java.base/java.net.AbstractPlainSocketImpl.connectToAddress(AbstractPlainSocketImpl.java:243)
	at java.base/java.net.AbstractPlainSocketImpl.connect(AbstractPlainSocketImpl.java:225)
	at java.base/java.net.SocksSocketImpl.connect(SocksSocketImpl.java:402)
	at java.base/java.net.Socket.connect(Socket.java:591)
	at com.mongodb.connection.SocketStreamHelper.initialize(SocketStreamHelper.java:59)
	at com.mongodb.connection.SocketStream.open(SocketStream.java:57)
	... 3 common frames omitted
2018-04-04T10:27:07.871 [vert.x-worker-thread-2] INFO  org.mongodb.driver.cluster - Cluster description not yet available. Waiting for 30000 ms before timing out
2018-04-04T10:27:17.869 [vert.x-worker-thread-3] INFO  org.mongodb.driver.cluster - Cluster description not yet available. Waiting for 30000 ms before timing out
2018-04-04T10:27:27.871 [vert.x-worker-thread-4] INFO  org.mongodb.driver.cluster - Cluster description not yet available. Waiting for 30000 ms before timing out
2018-04-04T10:27:37.869 [vert.x-worker-thread-5] INFO  org.mongodb.driver.cluster - Cluster description not yet available. Waiting for 30000 ms before timing out
2018-04-04T10:27:37.876 [vert.x-worker-thread-2] ERROR fr.vsct.tock.bot.engine.config.BotConfigurationSynchronizer - Timed out after 30000 ms while waiting to connect. Client view of cluster state is {type=UNKNOWN, servers=[{address=localhost:27017, type=UNKNOWN, state=CONNECTING, exception={com.mongodb.MongoSocketOpenException: Exception opening socket}, caused by {java.net.ConnectException: Connexion refusée (Connection refused)}}]
com.mongodb.MongoTimeoutException: Timed out after 30000 ms while waiting to connect. Client view of cluster state is {type=UNKNOWN, servers=[{address=localhost:27017, type=UNKNOWN, state=CONNECTING, exception={com.mongodb.MongoSocketOpenException: Exception opening socket}, caused by {java.net.ConnectException: Connexion refusée (Connection refused)}}]
	at com.mongodb.connection.BaseCluster.getDescription(BaseCluster.java:167)
	at com.mongodb.Mongo.getConnectedClusterDescription(Mongo.java:885)
	at com.mongodb.Mongo.createClientSession(Mongo.java:877)
	at com.mongodb.Mongo$3.getClientSession(Mongo.java:866)
	at com.mongodb.Mongo$3.execute(Mongo.java:823)
	at com.mongodb.MongoIterableImpl.execute(MongoIterableImpl.java:130)
	at com.mongodb.MongoIterableImpl.iterator(MongoIterableImpl.java:77)
	at com.mongodb.MongoIterableImpl.iterator(MongoIterableImpl.java:32)
	at kotlin.collections.CollectionsKt___CollectionsKt.firstOrNull(_Collections.kt:203)
	at fr.vsct.tock.bot.mongo.StoryDefinitionConfigurationMongoDAO.getLastUpdateTimestamp(StoryDefinitionConfigurationMongoDAO.kt:70)
	at fr.vsct.tock.bot.engine.config.BotConfigurationSynchronizer.refresh(BotConfigurationSynchronizer.kt:64)
	at fr.vsct.tock.bot.engine.config.BotConfigurationSynchronizer.access$refresh(BotConfigurationSynchronizer.kt:34)
	at fr.vsct.tock.bot.engine.config.BotConfigurationSynchronizer$2.invoke(BotConfigurationSynchronizer.kt:51)
	at fr.vsct.tock.bot.engine.config.BotConfigurationSynchronizer$2.invoke(BotConfigurationSynchronizer.kt:34)
	at fr.vsct.tock.shared.vertx.VertxKt$vertxExecutor$1.invoke(vertx.kt:113)
	at fr.vsct.tock.shared.vertx.VertxKt$vertxExecutor$1.access$invoke(vertx.kt:71)
	at fr.vsct.tock.shared.vertx.VertxKt$vertxExecutor$1$executeBlocking$2.invoke(vertx.kt:85)
	at fr.vsct.tock.shared.vertx.VertxKt$vertxExecutor$1$executeBlocking$2.invoke(vertx.kt:71)
	at fr.vsct.tock.shared.vertx.VertxKt$blocking$1.handle(vertx.kt:54)
	at fr.vsct.tock.shared.vertx.VertxKt$blocking$1.handle(vertx.kt)
	at io.vertx.core.impl.ContextImpl.lambda$executeBlocking$1(ContextImpl.java:273)
	at java.base/java.util.concurrent.ThreadPoolExecutor.runWorker(ThreadPoolExecutor.java:1167)
	at java.base/java.util.concurrent.ThreadPoolExecutor$Worker.run(ThreadPoolExecutor.java:641)
	at io.netty.util.concurrent.FastThreadLocalRunnable.run(FastThreadLocalRunnable.java:30)
	at java.base/java.lang.Thread.run(Thread.java:844)
2018-04-04T10:27:37.878 [vert.x-worker-thread-2] INFO  org.mongodb.driver.cluster - Cluster description not yet available. Waiting for 30000 ms before timing out
2018-04-04T10:27:47.871 [vert.x-worker-thread-6] INFO  org.mongodb.driver.cluster - Cluster description not yet available. Waiting for 30000 ms before timing out
2018-04-04T10:27:47.871 [vert.x-worker-thread-3] ERROR fr.vsct.tock.bot.engine.config.BotConfigurationSynchronizer - Timed out after 30000 ms while waiting to connect. Client view of cluster state is {type=UNKNOWN, servers=[{address=localhost:27017, type=UNKNOWN, state=CONNECTING, exception={com.mongodb.MongoSocketOpenException: Exception opening socket}, caused by {java.net.ConnectException: Connexion refusée (Connection refused)}}]
com.mongodb.MongoTimeoutException: Timed out after 30000 ms while waiting to connect. Client view of cluster state is {type=UNKNOWN, servers=[{address=localhost:27017, type=UNKNOWN, state=CONNECTING, exception={com.mongodb.MongoSocketOpenException: Exception opening socket}, caused by {java.net.ConnectException: Connexion refusée (Connection refused)}}]
	at com.mongodb.connection.BaseCluster.getDescription(BaseCluster.java:167)
	at com.mongodb.Mongo.getConnectedClusterDescription(Mongo.java:885)
	at com.mongodb.Mongo.createClientSession(Mongo.java:877)
	at com.mongodb.Mongo$3.getClientSession(Mongo.java:866)
	at com.mongodb.Mongo$3.execute(Mongo.java:823)
	at com.mongodb.MongoIterableImpl.execute(MongoIterableImpl.java:130)
	at com.mongodb.MongoIterableImpl.iterator(MongoIterableImpl.java:77)
	at com.mongodb.MongoIterableImpl.iterator(MongoIterableImpl.java:32)
	at kotlin.collections.CollectionsKt___CollectionsKt.firstOrNull(_Collections.kt:203)
	at fr.vsct.tock.bot.mongo.StoryDefinitionConfigurationMongoDAO.getLastUpdateTimestamp(StoryDefinitionConfigurationMongoDAO.kt:70)
	at fr.vsct.tock.bot.engine.config.BotConfigurationSynchronizer.refresh(BotConfigurationSynchronizer.kt:64)
	at fr.vsct.tock.bot.engine.config.BotConfigurationSynchronizer.access$refresh(BotConfigurationSynchronizer.kt:34)
	at fr.vsct.tock.bot.engine.config.BotConfigurationSynchronizer$2.invoke(BotConfigurationSynchronizer.kt:51)
	at fr.vsct.tock.bot.engine.config.BotConfigurationSynchronizer$2.invoke(BotConfigurationSynchronizer.kt:34)
	at fr.vsct.tock.shared.vertx.VertxKt$vertxExecutor$1.invoke(vertx.kt:113)
	at fr.vsct.tock.shared.vertx.VertxKt$vertxExecutor$1.access$invoke(vertx.kt:71)
	at fr.vsct.tock.shared.vertx.VertxKt$vertxExecutor$1$executeBlocking$2.invoke(vertx.kt:85)
	at fr.vsct.tock.shared.vertx.VertxKt$vertxExecutor$1$executeBlocking$2.invoke(vertx.kt:71)
	at fr.vsct.tock.shared.vertx.VertxKt$blocking$1.handle(vertx.kt:54)
	at fr.vsct.tock.shared.vertx.VertxKt$blocking$1.handle(vertx.kt)
	at io.vertx.core.impl.ContextImpl.lambda$executeBlocking$1(ContextImpl.java:273)
	at java.base/java.util.concurrent.ThreadPoolExecutor.runWorker(ThreadPoolExecutor.java:1167)
	at java.base/java.util.concurrent.ThreadPoolExecutor$Worker.run(ThreadPoolExecutor.java:641)
	at io.netty.util.concurrent.FastThreadLocalRunnable.run(FastThreadLocalRunnable.java:30)
	at java.base/java.lang.Thread.run(Thread.java:844)
2018-04-04T10:27:47.873 [vert.x-worker-thread-3] INFO  org.mongodb.driver.cluster - Cluster description not yet available. Waiting for 30000 ms before timing out
2018-04-04T10:27:57.873 [vert.x-worker-thread-7] INFO  org.mongodb.driver.cluster - Cluster description not yet available. Waiting for 30000 ms before timing out
2018-04-04T10:27:57.873 [vert.x-worker-thread-4] ERROR fr.vsct.tock.bot.engine.config.BotConfigurationSynchronizer - Timed out after 30000 ms while waiting to connect. Client view of cluster state is {type=UNKNOWN, servers=[{address=localhost:27017, type=UNKNOWN, state=CONNECTING, exception={com.mongodb.MongoSocketOpenException: Exception opening socket}, caused by {java.net.ConnectException: Connexion refusée (Connection refused)}}]
com.mongodb.MongoTimeoutException: Timed out after 30000 ms while waiting to connect. Client view of cluster state is {type=UNKNOWN, servers=[{address=localhost:27017, type=UNKNOWN, state=CONNECTING, exception={com.mongodb.MongoSocketOpenException: Exception opening socket}, caused by {java.net.ConnectException: Connexion refusée (Connection refused)}}]
	at com.mongodb.connection.BaseCluster.getDescription(BaseCluster.java:167)
	at com.mongodb.Mongo.getConnectedClusterDescription(Mongo.java:885)
	at com.mongodb.Mongo.createClientSession(Mongo.java:877)
	at com.mongodb.Mongo$3.getClientSession(Mongo.java:866)
	at com.mongodb.Mongo$3.execute(Mongo.java:823)
	at com.mongodb.MongoIterableImpl.execute(MongoIterableImpl.java:130)
	at com.mongodb.MongoIterableImpl.iterator(MongoIterableImpl.java:77)
	at com.mongodb.MongoIterableImpl.iterator(MongoIterableImpl.java:32)
	at kotlin.collections.CollectionsKt___CollectionsKt.firstOrNull(_Collections.kt:203)
	at fr.vsct.tock.bot.mongo.StoryDefinitionConfigurationMongoDAO.getLastUpdateTimestamp(StoryDefinitionConfigurationMongoDAO.kt:70)
	at fr.vsct.tock.bot.engine.config.BotConfigurationSynchronizer.refresh(BotConfigurationSynchronizer.kt:64)
	at fr.vsct.tock.bot.engine.config.BotConfigurationSynchronizer.access$refresh(BotConfigurationSynchronizer.kt:34)
	at fr.vsct.tock.bot.engine.config.BotConfigurationSynchronizer$2.invoke(BotConfigurationSynchronizer.kt:51)
	at fr.vsct.tock.bot.engine.config.BotConfigurationSynchronizer$2.invoke(BotConfigurationSynchronizer.kt:34)
	at fr.vsct.tock.shared.vertx.VertxKt$vertxExecutor$1.invoke(vertx.kt:113)
	at fr.vsct.tock.shared.vertx.VertxKt$vertxExecutor$1.access$invoke(vertx.kt:71)
	at fr.vsct.tock.shared.vertx.VertxKt$vertxExecutor$1$executeBlocking$2.invoke(vertx.kt:85)
	at fr.vsct.tock.shared.vertx.VertxKt$vertxExecutor$1$executeBlocking$2.invoke(vertx.kt:71)
	at fr.vsct.tock.shared.vertx.VertxKt$blocking$1.handle(vertx.kt:54)
	at fr.vsct.tock.shared.vertx.VertxKt$blocking$1.handle(vertx.kt)
	at io.vertx.core.impl.ContextImpl.lambda$executeBlocking$1(ContextImpl.java:273)
	at java.base/java.util.concurrent.ThreadPoolExecutor.runWorker(ThreadPoolExecutor.java:1167)
	at java.base/java.util.concurrent.ThreadPoolExecutor$Worker.run(ThreadPoolExecutor.java:641)
	at io.netty.util.concurrent.FastThreadLocalRunnable.run(FastThreadLocalRunnable.java:30)
	at java.base/java.lang.Thread.run(Thread.java:844)
2018-04-04T10:27:57.874 [vert.x-worker-thread-4] INFO  org.mongodb.driver.cluster - Cluster description not yet available. Waiting for 30000 ms before timing out
2018-04-04T10:28:07.871 [vert.x-worker-thread-8] INFO  org.mongodb.driver.cluster - Cluster description not yet available. Waiting for 30000 ms before timing out
2018-04-04T10:28:07.870 [vert.x-worker-thread-5] ERROR fr.vsct.tock.bot.engine.config.BotConfigurationSynchronizer - Timed out after 30000 ms while waiting to connect. Client view of cluster state is {type=UNKNOWN, servers=[{address=localhost:27017, type=UNKNOWN, state=CONNECTING, exception={com.mongodb.MongoSocketOpenException: Exception opening socket}, caused by {java.net.ConnectException: Connexion refusée (Connection refused)}}]
com.mongodb.MongoTimeoutException: Timed out after 30000 ms while waiting to connect. Client view of cluster state is {type=UNKNOWN, servers=[{address=localhost:27017, type=UNKNOWN, state=CONNECTING, exception={com.mongodb.MongoSocketOpenException: Exception opening socket}, caused by {java.net.ConnectException: Connexion refusée (Connection refused)}}]
	at com.mongodb.connection.BaseCluster.getDescription(BaseCluster.java:167)
	at com.mongodb.Mongo.getConnectedClusterDescription(Mongo.java:885)
	at com.mongodb.Mongo.createClientSession(Mongo.java:877)
	at com.mongodb.Mongo$3.getClientSession(Mongo.java:866)
	at com.mongodb.Mongo$3.execute(Mongo.java:823)
	at com.mongodb.MongoIterableImpl.execute(MongoIterableImpl.java:130)
	at com.mongodb.MongoIterableImpl.iterator(MongoIterableImpl.java:77)
	at com.mongodb.MongoIterableImpl.iterator(MongoIterableImpl.java:32)
	at kotlin.collections.CollectionsKt___CollectionsKt.firstOrNull(_Collections.kt:203)
	at fr.vsct.tock.bot.mongo.StoryDefinitionConfigurationMongoDAO.getLastUpdateTimestamp(StoryDefinitionConfigurationMongoDAO.kt:70)
	at fr.vsct.tock.bot.engine.config.BotConfigurationSynchronizer.refresh(BotConfigurationSynchronizer.kt:64)
	at fr.vsct.tock.bot.engine.config.BotConfigurationSynchronizer.access$refresh(BotConfigurationSynchronizer.kt:34)
	at fr.vsct.tock.bot.engine.config.BotConfigurationSynchronizer$2.invoke(BotConfigurationSynchronizer.kt:51)
	at fr.vsct.tock.bot.engine.config.BotConfigurationSynchronizer$2.invoke(BotConfigurationSynchronizer.kt:34)
	at fr.vsct.tock.shared.vertx.VertxKt$vertxExecutor$1.invoke(vertx.kt:113)
	at fr.vsct.tock.shared.vertx.VertxKt$vertxExecutor$1.access$invoke(vertx.kt:71)
	at fr.vsct.tock.shared.vertx.VertxKt$vertxExecutor$1$executeBlocking$2.invoke(vertx.kt:85)
	at fr.vsct.tock.shared.vertx.VertxKt$vertxExecutor$1$executeBlocking$2.invoke(vertx.kt:71)
	at fr.vsct.tock.shared.vertx.VertxKt$blocking$1.handle(vertx.kt:54)
	at fr.vsct.tock.shared.vertx.VertxKt$blocking$1.handle(vertx.kt)
	at io.vertx.core.impl.ContextImpl.lambda$executeBlocking$1(ContextImpl.java:273)
	at java.base/java.util.concurrent.ThreadPoolExecutor.runWorker(ThreadPoolExecutor.java:1167)
	at java.base/java.util.concurrent.ThreadPoolExecutor$Worker.run(ThreadPoolExecutor.java:641)
	at io.netty.util.concurrent.FastThreadLocalRunnable.run(FastThreadLocalRunnable.java:30)
	at java.base/java.lang.Thread.run(Thread.java:844)
2018-04-04T10:28:07.874 [vert.x-worker-thread-5] INFO  org.mongodb.driver.cluster - Cluster description not yet available. Waiting for 30000 ms before timing out
2018-04-04T10:28:07.878 [vert.x-worker-thread-2] ERROR fr.vsct.tock.bot.engine.config.BotConfigurationSynchronizer - Timed out after 30000 ms while waiting to connect. Client view of cluster state is {type=UNKNOWN, servers=[{address=localhost:27017, type=UNKNOWN, state=CONNECTING, exception={com.mongodb.MongoSocketOpenException: Exception opening socket}, caused by {java.net.ConnectException: Connexion refusée (Connection refused)}}]
com.mongodb.MongoTimeoutException: Timed out after 30000 ms while waiting to connect. Client view of cluster state is {type=UNKNOWN, servers=[{address=localhost:27017, type=UNKNOWN, state=CONNECTING, exception={com.mongodb.MongoSocketOpenException: Exception opening socket}, caused by {java.net.ConnectException: Connexion refusée (Connection refused)}}]
	at com.mongodb.connection.BaseCluster.getDescription(BaseCluster.java:167)
	at com.mongodb.Mongo.getConnectedClusterDescription(Mongo.java:885)
	at com.mongodb.Mongo.createClientSession(Mongo.java:877)
	at com.mongodb.Mongo$3.getClientSession(Mongo.java:866)
	at com.mongodb.Mongo$3.execute(Mongo.java:823)
	at com.mongodb.MongoIterableImpl.execute(MongoIterableImpl.java:130)
	at com.mongodb.MongoIterableImpl.iterator(MongoIterableImpl.java:77)
	at com.mongodb.MongoIterableImpl.iterator(MongoIterableImpl.java:32)
	at kotlin.collections.CollectionsKt___CollectionsKt.firstOrNull(_Collections.kt:203)
	at fr.vsct.tock.bot.mongo.StoryDefinitionConfigurationMongoDAO.getLastUpdateTimestamp(StoryDefinitionConfigurationMongoDAO.kt:70)
	at fr.vsct.tock.bot.engine.config.BotConfigurationSynchronizer.refresh(BotConfigurationSynchronizer.kt:64)
	at fr.vsct.tock.bot.engine.config.BotConfigurationSynchronizer.access$refresh(BotConfigurationSynchronizer.kt:34)
	at fr.vsct.tock.bot.engine.config.BotConfigurationSynchronizer$2.invoke(BotConfigurationSynchronizer.kt:51)
	at fr.vsct.tock.bot.engine.config.BotConfigurationSynchronizer$2.invoke(BotConfigurationSynchronizer.kt:34)
	at fr.vsct.tock.shared.vertx.VertxKt$vertxExecutor$1.invoke(vertx.kt:113)
	at fr.vsct.tock.shared.vertx.VertxKt$vertxExecutor$1.access$invoke(vertx.kt:71)
	at fr.vsct.tock.shared.vertx.VertxKt$vertxExecutor$1$executeBlocking$2.invoke(vertx.kt:85)
	at fr.vsct.tock.shared.vertx.VertxKt$vertxExecutor$1$executeBlocking$2.invoke(vertx.kt:71)
	at fr.vsct.tock.shared.vertx.VertxKt$blocking$1.handle(vertx.kt:54)
	at fr.vsct.tock.shared.vertx.VertxKt$blocking$1.handle(vertx.kt)
	at io.vertx.core.impl.ContextImpl.lambda$executeBlocking$1(ContextImpl.java:273)
	at java.base/java.util.concurrent.ThreadPoolExecutor.runWorker(ThreadPoolExecutor.java:1167)
	at java.base/java.util.concurrent.ThreadPoolExecutor$Worker.run(ThreadPoolExecutor.java:641)
	at io.netty.util.concurrent.FastThreadLocalRunnable.run(FastThreadLocalRunnable.java:30)
	at java.base/java.lang.Thread.run(Thread.java:844)
2018-04-04T10:28:07.884 [vert.x-worker-thread-2] INFO  org.mongodb.driver.cluster - Cluster description not yet available. Waiting for 30000 ms before timing out
2018-04-04T10:28:17.866 [vert.x-worker-thread-9] INFO  org.mongodb.driver.cluster - Cluster description not yet available. Waiting for 30000 ms before timing out
2018-04-04T10:28:17.872 [vert.x-worker-thread-6] ERROR fr.vsct.tock.bot.engine.config.BotConfigurationSynchronizer - Timed out after 30000 ms while waiting to connect. Client view of cluster state is {type=UNKNOWN, servers=[{address=localhost:27017, type=UNKNOWN, state=CONNECTING, exception={com.mongodb.MongoSocketOpenException: Exception opening socket}, caused by {java.net.ConnectException: Connexion refusée (Connection refused)}}]
com.mongodb.MongoTimeoutException: Timed out after 30000 ms while waiting to connect. Client view of cluster state is {type=UNKNOWN, servers=[{address=localhost:27017, type=UNKNOWN, state=CONNECTING, exception={com.mongodb.MongoSocketOpenException: Exception opening socket}, caused by {java.net.ConnectException: Connexion refusée (Connection refused)}}]
	at com.mongodb.connection.BaseCluster.getDescription(BaseCluster.java:167)
	at com.mongodb.Mongo.getConnectedClusterDescription(Mongo.java:885)
	at com.mongodb.Mongo.createClientSession(Mongo.java:877)
	at com.mongodb.Mongo$3.getClientSession(Mongo.java:866)
	at com.mongodb.Mongo$3.execute(Mongo.java:823)
	at com.mongodb.MongoIterableImpl.execute(MongoIterableImpl.java:130)
	at com.mongodb.MongoIterableImpl.iterator(MongoIterableImpl.java:77)
	at com.mongodb.MongoIterableImpl.iterator(MongoIterableImpl.java:32)
	at kotlin.collections.CollectionsKt___CollectionsKt.firstOrNull(_Collections.kt:203)
	at fr.vsct.tock.bot.mongo.StoryDefinitionConfigurationMongoDAO.getLastUpdateTimestamp(StoryDefinitionConfigurationMongoDAO.kt:70)
	at fr.vsct.tock.bot.engine.config.BotConfigurationSynchronizer.refresh(BotConfigurationSynchronizer.kt:64)
	at fr.vsct.tock.bot.engine.config.BotConfigurationSynchronizer.access$refresh(BotConfigurationSynchronizer.kt:34)
	at fr.vsct.tock.bot.engine.config.BotConfigurationSynchronizer$2.invoke(BotConfigurationSynchronizer.kt:51)
	at fr.vsct.tock.bot.engine.config.BotConfigurationSynchronizer$2.invoke(BotConfigurationSynchronizer.kt:34)
	at fr.vsct.tock.shared.vertx.VertxKt$vertxExecutor$1.invoke(vertx.kt:113)
	at fr.vsct.tock.shared.vertx.VertxKt$vertxExecutor$1.access$invoke(vertx.kt:71)
	at fr.vsct.tock.shared.vertx.VertxKt$vertxExecutor$1$executeBlocking$2.invoke(vertx.kt:85)
	at fr.vsct.tock.shared.vertx.VertxKt$vertxExecutor$1$executeBlocking$2.invoke(vertx.kt:71)
	at fr.vsct.tock.shared.vertx.VertxKt$blocking$1.handle(vertx.kt:54)
	at fr.vsct.tock.shared.vertx.VertxKt$blocking$1.handle(vertx.kt)
	at io.vertx.core.impl.ContextImpl.lambda$executeBlocking$1(ContextImpl.java:273)
	at java.base/java.util.concurrent.ThreadPoolExecutor.runWorker(ThreadPoolExecutor.java:1167)
	at java.base/java.util.concurrent.ThreadPoolExecutor$Worker.run(ThreadPoolExecutor.java:641)
	at io.netty.util.concurrent.FastThreadLocalRunnable.run(FastThreadLocalRunnable.java:30)
	at java.base/java.lang.Thread.run(Thread.java:844)
2018-04-04T10:28:17.874 [vert.x-worker-thread-6] INFO  org.mongodb.driver.cluster - Cluster description not yet available. Waiting for 30000 ms before timing out
2018-04-04T10:28:17.873 [vert.x-worker-thread-3] ERROR fr.vsct.tock.bot.engine.config.BotConfigurationSynchronizer - Timed out after 30000 ms while waiting to connect. Client view of cluster state is {type=UNKNOWN, servers=[{address=localhost:27017, type=UNKNOWN, state=CONNECTING, exception={com.mongodb.MongoSocketOpenException: Exception opening socket}, caused by {java.net.ConnectException: Connexion refusée (Connection refused)}}]
com.mongodb.MongoTimeoutException: Timed out after 30000 ms while waiting to connect. Client view of cluster state is {type=UNKNOWN, servers=[{address=localhost:27017, type=UNKNOWN, state=CONNECTING, exception={com.mongodb.MongoSocketOpenException: Exception opening socket}, caused by {java.net.ConnectException: Connexion refusée (Connection refused)}}]
	at com.mongodb.connection.BaseCluster.getDescription(BaseCluster.java:167)
	at com.mongodb.Mongo.getConnectedClusterDescription(Mongo.java:885)
	at com.mongodb.Mongo.createClientSession(Mongo.java:877)
	at com.mongodb.Mongo$3.getClientSession(Mongo.java:866)
	at com.mongodb.Mongo$3.execute(Mongo.java:823)
	at com.mongodb.MongoIterableImpl.execute(MongoIterableImpl.java:130)
	at com.mongodb.MongoIterableImpl.iterator(MongoIterableImpl.java:77)
	at com.mongodb.MongoIterableImpl.iterator(MongoIterableImpl.java:32)
	at kotlin.collections.CollectionsKt___CollectionsKt.firstOrNull(_Collections.kt:203)
	at fr.vsct.tock.bot.mongo.StoryDefinitionConfigurationMongoDAO.getLastUpdateTimestamp(StoryDefinitionConfigurationMongoDAO.kt:70)
	at fr.vsct.tock.bot.engine.config.BotConfigurationSynchronizer.refresh(BotConfigurationSynchronizer.kt:64)
	at fr.vsct.tock.bot.engine.config.BotConfigurationSynchronizer.access$refresh(BotConfigurationSynchronizer.kt:34)
	at fr.vsct.tock.bot.engine.config.BotConfigurationSynchronizer$2.invoke(BotConfigurationSynchronizer.kt:51)
	at fr.vsct.tock.bot.engine.config.BotConfigurationSynchronizer$2.invoke(BotConfigurationSynchronizer.kt:34)
	at fr.vsct.tock.shared.vertx.VertxKt$vertxExecutor$1.invoke(vertx.kt:113)
	at fr.vsct.tock.shared.vertx.VertxKt$vertxExecutor$1.access$invoke(vertx.kt:71)
	at fr.vsct.tock.shared.vertx.VertxKt$vertxExecutor$1$executeBlocking$2.invoke(vertx.kt:85)
	at fr.vsct.tock.shared.vertx.VertxKt$vertxExecutor$1$executeBlocking$2.invoke(vertx.kt:71)
	at fr.vsct.tock.shared.vertx.VertxKt$blocking$1.handle(vertx.kt:54)
	at fr.vsct.tock.shared.vertx.VertxKt$blocking$1.handle(vertx.kt)
	at io.vertx.core.impl.ContextImpl.lambda$executeBlocking$1(ContextImpl.java:273)
	at java.base/java.util.concurrent.ThreadPoolExecutor.runWorker(ThreadPoolExecutor.java:1167)
	at java.base/java.util.concurrent.ThreadPoolExecutor$Worker.run(ThreadPoolExecutor.java:641)
	at io.netty.util.concurrent.FastThreadLocalRunnable.run(FastThreadLocalRunnable.java:30)
	at java.base/java.lang.Thread.run(Thread.java:844)
2018-04-04T10:28:17.875 [vert.x-worker-thread-3] INFO  org.mongodb.driver.cluster - Cluster description not yet available. Waiting for 30000 ms before timing out
2018-04-04T10:28:27.872 [vert.x-worker-thread-10] INFO  org.mongodb.driver.cluster - Cluster description not yet available. Waiting for 30000 ms before timing out
2018-04-04T10:28:27.875 [vert.x-worker-thread-4] ERROR fr.vsct.tock.bot.engine.config.BotConfigurationSynchronizer - Timed out after 30000 ms while waiting to connect. Client view of cluster state is {type=UNKNOWN, servers=[{address=localhost:27017, type=UNKNOWN, state=CONNECTING, exception={com.mongodb.MongoSocketOpenException: Exception opening socket}, caused by {java.net.ConnectException: Connexion refusée (Connection refused)}}]
com.mongodb.MongoTimeoutException: Timed out after 30000 ms while waiting to connect. Client view of cluster state is {type=UNKNOWN, servers=[{address=localhost:27017, type=UNKNOWN, state=CONNECTING, exception={com.mongodb.MongoSocketOpenException: Exception opening socket}, caused by {java.net.ConnectException: Connexion refusée (Connection refused)}}]
	at com.mongodb.connection.BaseCluster.getDescription(BaseCluster.java:167)
	at com.mongodb.Mongo.getConnectedClusterDescription(Mongo.java:885)
	at com.mongodb.Mongo.createClientSession(Mongo.java:877)
	at com.mongodb.Mongo$3.getClientSession(Mongo.java:866)
	at com.mongodb.Mongo$3.execute(Mongo.java:823)
	at com.mongodb.MongoIterableImpl.execute(MongoIterableImpl.java:130)
	at com.mongodb.MongoIterableImpl.iterator(MongoIterableImpl.java:77)
	at com.mongodb.MongoIterableImpl.iterator(MongoIterableImpl.java:32)
	at kotlin.collections.CollectionsKt___CollectionsKt.firstOrNull(_Collections.kt:203)
	at fr.vsct.tock.bot.mongo.StoryDefinitionConfigurationMongoDAO.getLastUpdateTimestamp(StoryDefinitionConfigurationMongoDAO.kt:70)
	at fr.vsct.tock.bot.engine.config.BotConfigurationSynchronizer.refresh(BotConfigurationSynchronizer.kt:64)
	at fr.vsct.tock.bot.engine.config.BotConfigurationSynchronizer.access$refresh(BotConfigurationSynchronizer.kt:34)
	at fr.vsct.tock.bot.engine.config.BotConfigurationSynchronizer$2.invoke(BotConfigurationSynchronizer.kt:51)
	at fr.vsct.tock.bot.engine.config.BotConfigurationSynchronizer$2.invoke(BotConfigurationSynchronizer.kt:34)
	at fr.vsct.tock.shared.vertx.VertxKt$vertxExecutor$1.invoke(vertx.kt:113)
	at fr.vsct.tock.shared.vertx.VertxKt$vertxExecutor$1.access$invoke(vertx.kt:71)
	at fr.vsct.tock.shared.vertx.VertxKt$vertxExecutor$1$executeBlocking$2.invoke(vertx.kt:85)
	at fr.vsct.tock.shared.vertx.VertxKt$vertxExecutor$1$executeBlocking$2.invoke(vertx.kt:71)
	at fr.vsct.tock.shared.vertx.VertxKt$blocking$1.handle(vertx.kt:54)
	at fr.vsct.tock.shared.vertx.VertxKt$blocking$1.handle(vertx.kt)
	at io.vertx.core.impl.ContextImpl.lambda$executeBlocking$1(ContextImpl.java:273)
	at java.base/java.util.concurrent.ThreadPoolExecutor.runWorker(ThreadPoolExecutor.java:1167)
	at java.base/java.util.concurrent.ThreadPoolExecutor$Worker.run(ThreadPoolExecutor.java:641)
	at io.netty.util.concurrent.FastThreadLocalRunnable.run(FastThreadLocalRunnable.java:30)
	at java.base/java.lang.Thread.run(Thread.java:844)
2018-04-04T10:28:27.876 [vert.x-worker-thread-4] INFO  org.mongodb.driver.cluster - Cluster description not yet available. Waiting for 30000 ms before timing out
2018-04-04T10:28:27.875 [vert.x-worker-thread-7] ERROR fr.vsct.tock.bot.engine.config.BotConfigurationSynchronizer - Timed out after 30000 ms while waiting to connect. Client view of cluster state is {type=UNKNOWN, servers=[{address=localhost:27017, type=UNKNOWN, state=CONNECTING, exception={com.mongodb.MongoSocketOpenException: Exception opening socket}, caused by {java.net.ConnectException: Connexion refusée (Connection refused)}}]
com.mongodb.MongoTimeoutException: Timed out after 30000 ms while waiting to connect. Client view of cluster state is {type=UNKNOWN, servers=[{address=localhost:27017, type=UNKNOWN, state=CONNECTING, exception={com.mongodb.MongoSocketOpenException: Exception opening socket}, caused by {java.net.ConnectException: Connexion refusée (Connection refused)}}]
	at com.mongodb.connection.BaseCluster.getDescription(BaseCluster.java:167)
	at com.mongodb.Mongo.getConnectedClusterDescription(Mongo.java:885)
	at com.mongodb.Mongo.createClientSession(Mongo.java:877)
	at com.mongodb.Mongo$3.getClientSession(Mongo.java:866)
	at com.mongodb.Mongo$3.execute(Mongo.java:823)
	at com.mongodb.MongoIterableImpl.execute(MongoIterableImpl.java:130)
	at com.mongodb.MongoIterableImpl.iterator(MongoIterableImpl.java:77)
	at com.mongodb.MongoIterableImpl.iterator(MongoIterableImpl.java:32)
	at kotlin.collections.CollectionsKt___CollectionsKt.firstOrNull(_Collections.kt:203)
	at fr.vsct.tock.bot.mongo.StoryDefinitionConfigurationMongoDAO.getLastUpdateTimestamp(StoryDefinitionConfigurationMongoDAO.kt:70)
	at fr.vsct.tock.bot.engine.config.BotConfigurationSynchronizer.refresh(BotConfigurationSynchronizer.kt:64)
	at fr.vsct.tock.bot.engine.config.BotConfigurationSynchronizer.access$refresh(BotConfigurationSynchronizer.kt:34)
	at fr.vsct.tock.bot.engine.config.BotConfigurationSynchronizer$2.invoke(BotConfigurationSynchronizer.kt:51)
	at fr.vsct.tock.bot.engine.config.BotConfigurationSynchronizer$2.invoke(BotConfigurationSynchronizer.kt:34)
	at fr.vsct.tock.shared.vertx.VertxKt$vertxExecutor$1.invoke(vertx.kt:113)
	at fr.vsct.tock.shared.vertx.VertxKt$vertxExecutor$1.access$invoke(vertx.kt:71)
	at fr.vsct.tock.shared.vertx.VertxKt$vertxExecutor$1$executeBlocking$2.invoke(vertx.kt:85)
	at fr.vsct.tock.shared.vertx.VertxKt$vertxExecutor$1$executeBlocking$2.invoke(vertx.kt:71)
	at fr.vsct.tock.shared.vertx.VertxKt$blocking$1.handle(vertx.kt:54)
	at fr.vsct.tock.shared.vertx.VertxKt$blocking$1.handle(vertx.kt)
	at io.vertx.core.impl.ContextImpl.lambda$executeBlocking$1(ContextImpl.java:273)
	at java.base/java.util.concurrent.ThreadPoolExecutor.runWorker(ThreadPoolExecutor.java:1167)
	at java.base/java.util.concurrent.ThreadPoolExecutor$Worker.run(ThreadPoolExecutor.java:641)
	at io.netty.util.concurrent.FastThreadLocalRunnable.run(FastThreadLocalRunnable.java:30)
	at java.base/java.lang.Thread.run(Thread.java:844)
2018-04-04T10:28:27.880 [vert.x-worker-thread-7] INFO  org.mongodb.driver.cluster - Cluster description not yet available. Waiting for 30000 ms before timing out
2018-04-04T10:28:37.873 [vert.x-worker-thread-8] ERROR fr.vsct.tock.bot.engine.config.BotConfigurationSynchronizer - Timed out after 30000 ms while waiting to connect. Client view of cluster state is {type=UNKNOWN, servers=[{address=localhost:27017, type=UNKNOWN, state=CONNECTING, exception={com.mongodb.MongoSocketOpenException: Exception opening socket}, caused by {java.net.ConnectException: Connexion refusée (Connection refused)}}]
com.mongodb.MongoTimeoutException: Timed out after 30000 ms while waiting to connect. Client view of cluster state is {type=UNKNOWN, servers=[{address=localhost:27017, type=UNKNOWN, state=CONNECTING, exception={com.mongodb.MongoSocketOpenException: Exception opening socket}, caused by {java.net.ConnectException: Connexion refusée (Connection refused)}}]
	at com.mongodb.connection.BaseCluster.getDescription(BaseCluster.java:167)
	at com.mongodb.Mongo.getConnectedClusterDescription(Mongo.java:885)
	at com.mongodb.Mongo.createClientSession(Mongo.java:877)
	at com.mongodb.Mongo$3.getClientSession(Mongo.java:866)
	at com.mongodb.Mongo$3.execute(Mongo.java:823)
	at com.mongodb.MongoIterableImpl.execute(MongoIterableImpl.java:130)
	at com.mongodb.MongoIterableImpl.iterator(MongoIterableImpl.java:77)
	at com.mongodb.MongoIterableImpl.iterator(MongoIterableImpl.java:32)
	at kotlin.collections.CollectionsKt___CollectionsKt.firstOrNull(_Collections.kt:203)
	at fr.vsct.tock.bot.mongo.StoryDefinitionConfigurationMongoDAO.getLastUpdateTimestamp(StoryDefinitionConfigurationMongoDAO.kt:70)
	at fr.vsct.tock.bot.engine.config.BotConfigurationSynchronizer.refresh(BotConfigurationSynchronizer.kt:64)
	at fr.vsct.tock.bot.engine.config.BotConfigurationSynchronizer.access$refresh(BotConfigurationSynchronizer.kt:34)
	at fr.vsct.tock.bot.engine.config.BotConfigurationSynchronizer$2.invoke(BotConfigurationSynchronizer.kt:51)
	at fr.vsct.tock.bot.engine.config.BotConfigurationSynchronizer$2.invoke(BotConfigurationSynchronizer.kt:34)
	at fr.vsct.tock.shared.vertx.VertxKt$vertxExecutor$1.invoke(vertx.kt:113)
	at fr.vsct.tock.shared.vertx.VertxKt$vertxExecutor$1.access$invoke(vertx.kt:71)
	at fr.vsct.tock.shared.vertx.VertxKt$vertxExecutor$1$executeBlocking$2.invoke(vertx.kt:85)
	at fr.vsct.tock.shared.vertx.VertxKt$vertxExecutor$1$executeBlocking$2.invoke(vertx.kt:71)
	at fr.vsct.tock.shared.vertx.VertxKt$blocking$1.handle(vertx.kt:54)
	at fr.vsct.tock.shared.vertx.VertxKt$blocking$1.handle(vertx.kt)
	at io.vertx.core.impl.ContextImpl.lambda$executeBlocking$1(ContextImpl.java:273)
	at java.base/java.util.concurrent.ThreadPoolExecutor.runWorker(ThreadPoolExecutor.java:1167)
	at java.base/java.util.concurrent.ThreadPoolExecutor$Worker.run(ThreadPoolExecutor.java:641)
	at io.netty.util.concurrent.FastThreadLocalRunnable.run(FastThreadLocalRunnable.java:30)
	at java.base/java.lang.Thread.run(Thread.java:844)
2018-04-04T10:28:37.874 [vert.x-worker-thread-8] INFO  org.mongodb.driver.cluster - Cluster description not yet available. Waiting for 30000 ms before timing out
2018-04-04T10:28:37.876 [vert.x-worker-thread-11] INFO  org.mongodb.driver.cluster - Cluster description not yet available. Waiting for 30000 ms before timing out
2018-04-04T10:28:37.877 [vert.x-worker-thread-5] ERROR fr.vsct.tock.bot.engine.config.BotConfigurationSynchronizer - Timed out after 30000 ms while waiting to connect. Client view of cluster state is {type=UNKNOWN, servers=[{address=localhost:27017, type=UNKNOWN, state=CONNECTING, exception={com.mongodb.MongoSocketOpenException: Exception opening socket}, caused by {java.net.ConnectException: Connexion refusée (Connection refused)}}]
com.mongodb.MongoTimeoutException: Timed out after 30000 ms while waiting to connect. Client view of cluster state is {type=UNKNOWN, servers=[{address=localhost:27017, type=UNKNOWN, state=CONNECTING, exception={com.mongodb.MongoSocketOpenException: Exception opening socket}, caused by {java.net.ConnectException: Connexion refusée (Connection refused)}}]
	at com.mongodb.connection.BaseCluster.getDescription(BaseCluster.java:167)
	at com.mongodb.Mongo.getConnectedClusterDescription(Mongo.java:885)
	at com.mongodb.Mongo.createClientSession(Mongo.java:877)
	at com.mongodb.Mongo$3.getClientSession(Mongo.java:866)
	at com.mongodb.Mongo$3.execute(Mongo.java:823)
	at com.mongodb.MongoIterableImpl.execute(MongoIterableImpl.java:130)
	at com.mongodb.MongoIterableImpl.iterator(MongoIterableImpl.java:77)
	at com.mongodb.MongoIterableImpl.iterator(MongoIterableImpl.java:32)
	at kotlin.collections.CollectionsKt___CollectionsKt.firstOrNull(_Collections.kt:203)
	at fr.vsct.tock.bot.mongo.StoryDefinitionConfigurationMongoDAO.getLastUpdateTimestamp(StoryDefinitionConfigurationMongoDAO.kt:70)
	at fr.vsct.tock.bot.engine.config.BotConfigurationSynchronizer.refresh(BotConfigurationSynchronizer.kt:64)
	at fr.vsct.tock.bot.engine.config.BotConfigurationSynchronizer.access$refresh(BotConfigurationSynchronizer.kt:34)
	at fr.vsct.tock.bot.engine.config.BotConfigurationSynchronizer$2.invoke(BotConfigurationSynchronizer.kt:51)
	at fr.vsct.tock.bot.engine.config.BotConfigurationSynchronizer$2.invoke(BotConfigurationSynchronizer.kt:34)
	at fr.vsct.tock.shared.vertx.VertxKt$vertxExecutor$1.invoke(vertx.kt:113)
	at fr.vsct.tock.shared.vertx.VertxKt$vertxExecutor$1.access$invoke(vertx.kt:71)
	at fr.vsct.tock.shared.vertx.VertxKt$vertxExecutor$1$executeBlocking$2.invoke(vertx.kt:85)
	at fr.vsct.tock.shared.vertx.VertxKt$vertxExecutor$1$executeBlocking$2.invoke(vertx.kt:71)
	at fr.vsct.tock.shared.vertx.VertxKt$blocking$1.handle(vertx.kt:54)
	at fr.vsct.tock.shared.vertx.VertxKt$blocking$1.handle(vertx.kt)
	at io.vertx.core.impl.ContextImpl.lambda$executeBlocking$1(ContextImpl.java:273)
	at java.base/java.util.concurrent.ThreadPoolExecutor.runWorker(ThreadPoolExecutor.java:1167)
	at java.base/java.util.concurrent.ThreadPoolExecutor$Worker.run(ThreadPoolExecutor.java:641)
	at io.netty.util.concurrent.FastThreadLocalRunnable.run(FastThreadLocalRunnable.java:30)
	at java.base/java.lang.Thread.run(Thread.java:844)
2018-04-04T10:28:37.882 [vert.x-worker-thread-5] INFO  org.mongodb.driver.cluster - Cluster description not yet available. Waiting for 30000 ms before timing out
2018-04-04T10:28:37.885 [vert.x-worker-thread-2] ERROR fr.vsct.tock.bot.engine.config.BotConfigurationSynchronizer - Timed out after 30000 ms while waiting to connect. Client view of cluster state is {type=UNKNOWN, servers=[{address=localhost:27017, type=UNKNOWN, state=CONNECTING, exception={com.mongodb.MongoSocketOpenException: Exception opening socket}, caused by {java.net.ConnectException: Connexion refusée (Connection refused)}}]
com.mongodb.MongoTimeoutException: Timed out after 30000 ms while waiting to connect. Client view of cluster state is {type=UNKNOWN, servers=[{address=localhost:27017, type=UNKNOWN, state=CONNECTING, exception={com.mongodb.MongoSocketOpenException: Exception opening socket}, caused by {java.net.ConnectException: Connexion refusée (Connection refused)}}]
	at com.mongodb.connection.BaseCluster.getDescription(BaseCluster.java:167)
	at com.mongodb.Mongo.getConnectedClusterDescription(Mongo.java:885)
	at com.mongodb.Mongo.createClientSession(Mongo.java:877)
	at com.mongodb.Mongo$3.getClientSession(Mongo.java:866)
	at com.mongodb.Mongo$3.execute(Mongo.java:823)
	at com.mongodb.MongoIterableImpl.execute(MongoIterableImpl.java:130)
	at com.mongodb.MongoIterableImpl.iterator(MongoIterableImpl.java:77)
	at com.mongodb.MongoIterableImpl.iterator(MongoIterableImpl.java:32)
	at kotlin.collections.CollectionsKt___CollectionsKt.firstOrNull(_Collections.kt:203)
	at fr.vsct.tock.bot.mongo.StoryDefinitionConfigurationMongoDAO.getLastUpdateTimestamp(StoryDefinitionConfigurationMongoDAO.kt:70)
	at fr.vsct.tock.bot.engine.config.BotConfigurationSynchronizer.refresh(BotConfigurationSynchronizer.kt:64)
	at fr.vsct.tock.bot.engine.config.BotConfigurationSynchronizer.access$refresh(BotConfigurationSynchronizer.kt:34)
	at fr.vsct.tock.bot.engine.config.BotConfigurationSynchronizer$2.invoke(BotConfigurationSynchronizer.kt:51)
	at fr.vsct.tock.bot.engine.config.BotConfigurationSynchronizer$2.invoke(BotConfigurationSynchronizer.kt:34)
	at fr.vsct.tock.shared.vertx.VertxKt$vertxExecutor$1.invoke(vertx.kt:113)
	at fr.vsct.tock.shared.vertx.VertxKt$vertxExecutor$1.access$invoke(vertx.kt:71)
	at fr.vsct.tock.shared.vertx.VertxKt$vertxExecutor$1$executeBlocking$2.invoke(vertx.kt:85)
	at fr.vsct.tock.shared.vertx.VertxKt$vertxExecutor$1$executeBlocking$2.invoke(vertx.kt:71)
	at fr.vsct.tock.shared.vertx.VertxKt$blocking$1.handle(vertx.kt:54)
	at fr.vsct.tock.shared.vertx.VertxKt$blocking$1.handle(vertx.kt)
	at io.vertx.core.impl.ContextImpl.lambda$executeBlocking$1(ContextImpl.java:273)
	at java.base/java.util.concurrent.ThreadPoolExecutor.runWorker(ThreadPoolExecutor.java:1167)
	at java.base/java.util.concurrent.ThreadPoolExecutor$Worker.run(ThreadPoolExecutor.java:641)
	at io.netty.util.concurrent.FastThreadLocalRunnable.run(FastThreadLocalRunnable.java:30)
	at java.base/java.lang.Thread.run(Thread.java:844)
2018-04-04T10:28:47.869 [vert.x-worker-thread-9] ERROR fr.vsct.tock.bot.engine.config.BotConfigurationSynchronizer - Timed out after 30000 ms while waiting to connect. Client view of cluster state is {type=UNKNOWN, servers=[{address=localhost:27017, type=UNKNOWN, state=CONNECTING, exception={com.mongodb.MongoSocketOpenException: Exception opening socket}, caused by {java.net.ConnectException: Connexion refusée (Connection refused)}}]
com.mongodb.MongoTimeoutException: Timed out after 30000 ms while waiting to connect. Client view of cluster state is {type=UNKNOWN, servers=[{address=localhost:27017, type=UNKNOWN, state=CONNECTING, exception={com.mongodb.MongoSocketOpenException: Exception opening socket}, caused by {java.net.ConnectException: Connexion refusée (Connection refused)}}]
	at com.mongodb.connection.BaseCluster.getDescription(BaseCluster.java:167)
	at com.mongodb.Mongo.getConnectedClusterDescription(Mongo.java:885)
	at com.mongodb.Mongo.createClientSession(Mongo.java:877)
	at com.mongodb.Mongo$3.getClientSession(Mongo.java:866)
	at com.mongodb.Mongo$3.execute(Mongo.java:823)
	at com.mongodb.MongoIterableImpl.execute(MongoIterableImpl.java:130)
	at com.mongodb.MongoIterableImpl.iterator(MongoIterableImpl.java:77)
	at com.mongodb.MongoIterableImpl.iterator(MongoIterableImpl.java:32)
	at kotlin.collections.CollectionsKt___CollectionsKt.firstOrNull(_Collections.kt:203)
	at fr.vsct.tock.bot.mongo.StoryDefinitionConfigurationMongoDAO.getLastUpdateTimestamp(StoryDefinitionConfigurationMongoDAO.kt:70)
	at fr.vsct.tock.bot.engine.config.BotConfigurationSynchronizer.refresh(BotConfigurationSynchronizer.kt:64)
	at fr.vsct.tock.bot.engine.config.BotConfigurationSynchronizer.access$refresh(BotConfigurationSynchronizer.kt:34)
	at fr.vsct.tock.bot.engine.config.BotConfigurationSynchronizer$2.invoke(BotConfigurationSynchronizer.kt:51)
	at fr.vsct.tock.bot.engine.config.BotConfigurationSynchronizer$2.invoke(BotConfigurationSynchronizer.kt:34)
	at fr.vsct.tock.shared.vertx.VertxKt$vertxExecutor$1.invoke(vertx.kt:113)
	at fr.vsct.tock.shared.vertx.VertxKt$vertxExecutor$1.access$invoke(vertx.kt:71)
	at fr.vsct.tock.shared.vertx.VertxKt$vertxExecutor$1$executeBlocking$2.invoke(vertx.kt:85)
	at fr.vsct.tock.shared.vertx.VertxKt$vertxExecutor$1$executeBlocking$2.invoke(vertx.kt:71)
	at fr.vsct.tock.shared.vertx.VertxKt$blocking$1.handle(vertx.kt:54)
	at fr.vsct.tock.shared.vertx.VertxKt$blocking$1.handle(vertx.kt)
	at io.vertx.core.impl.ContextImpl.lambda$executeBlocking$1(ContextImpl.java:273)
	at java.base/java.util.concurrent.ThreadPoolExecutor.runWorker(ThreadPoolExecutor.java:1167)
	at java.base/java.util.concurrent.ThreadPoolExecutor$Worker.run(ThreadPoolExecutor.java:641)
	at io.netty.util.concurrent.FastThreadLocalRunnable.run(FastThreadLocalRunnable.java:30)
	at java.base/java.lang.Thread.run(Thread.java:844)
2018-04-04T10:28:47.870 [vert.x-worker-thread-12] INFO  org.mongodb.driver.cluster - Cluster description not yet available. Waiting for 30000 ms before timing out
2018-04-04T10:28:47.875 [vert.x-worker-thread-9] INFO  org.mongodb.driver.cluster - Cluster description not yet available. Waiting for 30000 ms before timing out
2018-04-04T10:28:47.886 [vert.x-worker-thread-6] ERROR fr.vsct.tock.bot.engine.config.BotConfigurationSynchronizer - Timed out after 30000 ms while waiting to connect. Client view of cluster state is {type=UNKNOWN, servers=[{address=localhost:27017, type=UNKNOWN, state=CONNECTING, exception={com.mongodb.MongoSocketOpenException: Exception opening socket}, caused by {java.net.ConnectException: Connexion refusée (Connection refused)}}]
com.mongodb.MongoTimeoutException: Timed out after 30000 ms while waiting to connect. Client view of cluster state is {type=UNKNOWN, servers=[{address=localhost:27017, type=UNKNOWN, state=CONNECTING, exception={com.mongodb.MongoSocketOpenException: Exception opening socket}, caused by {java.net.ConnectException: Connexion refusée (Connection refused)}}]
	at com.mongodb.connection.BaseCluster.getDescription(BaseCluster.java:167)
	at com.mongodb.Mongo.getConnectedClusterDescription(Mongo.java:885)
	at com.mongodb.Mongo.createClientSession(Mongo.java:877)
	at com.mongodb.Mongo$3.getClientSession(Mongo.java:866)
	at com.mongodb.Mongo$3.execute(Mongo.java:823)
	at com.mongodb.MongoIterableImpl.execute(MongoIterableImpl.java:130)
	at com.mongodb.MongoIterableImpl.iterator(MongoIterableImpl.java:77)
	at com.mongodb.MongoIterableImpl.iterator(MongoIterableImpl.java:32)
	at kotlin.collections.CollectionsKt___CollectionsKt.firstOrNull(_Collections.kt:203)
	at fr.vsct.tock.bot.mongo.StoryDefinitionConfigurationMongoDAO.getLastUpdateTimestamp(StoryDefinitionConfigurationMongoDAO.kt:70)
	at fr.vsct.tock.bot.engine.config.BotConfigurationSynchronizer.refresh(BotConfigurationSynchronizer.kt:64)
	at fr.vsct.tock.bot.engine.config.BotConfigurationSynchronizer.access$refresh(BotConfigurationSynchronizer.kt:34)
	at fr.vsct.tock.bot.engine.config.BotConfigurationSynchronizer$2.invoke(BotConfigurationSynchronizer.kt:51)
	at fr.vsct.tock.bot.engine.config.BotConfigurationSynchronizer$2.invoke(BotConfigurationSynchronizer.kt:34)
	at fr.vsct.tock.shared.vertx.VertxKt$vertxExecutor$1.invoke(vertx.kt:113)
	at fr.vsct.tock.shared.vertx.VertxKt$vertxExecutor$1.access$invoke(vertx.kt:71)
	at fr.vsct.tock.shared.vertx.VertxKt$vertxExecutor$1$executeBlocking$2.invoke(vertx.kt:85)
	at fr.vsct.tock.shared.vertx.VertxKt$vertxExecutor$1$executeBlocking$2.invoke(vertx.kt:71)
	at fr.vsct.tock.shared.vertx.VertxKt$blocking$1.handle(vertx.kt:54)
	at fr.vsct.tock.shared.vertx.VertxKt$blocking$1.handle(vertx.kt)
	at io.vertx.core.impl.ContextImpl.lambda$executeBlocking$1(ContextImpl.java:273)
	at java.base/java.util.concurrent.ThreadPoolExecutor.runWorker(ThreadPoolExecutor.java:1167)
	at java.base/java.util.concurrent.ThreadPoolExecutor$Worker.run(ThreadPoolExecutor.java:641)
	at io.netty.util.concurrent.FastThreadLocalRunnable.run(FastThreadLocalRunnable.java:30)
	at java.base/java.lang.Thread.run(Thread.java:844)
2018-04-04T10:28:47.888 [vert.x-worker-thread-6] INFO  org.mongodb.driver.cluster - Cluster description not yet available. Waiting for 30000 ms before timing out
2018-04-04T10:28:47.887 [vert.x-worker-thread-3] ERROR fr.vsct.tock.bot.engine.config.BotConfigurationSynchronizer - Timed out after 30000 ms while waiting to connect. Client view of cluster state is {type=UNKNOWN, servers=[{address=localhost:27017, type=UNKNOWN, state=CONNECTING, exception={com.mongodb.MongoSocketOpenException: Exception opening socket}, caused by {java.net.ConnectException: Connexion refusée (Connection refused)}}]
com.mongodb.MongoTimeoutException: Timed out after 30000 ms while waiting to connect. Client view of cluster state is {type=UNKNOWN, servers=[{address=localhost:27017, type=UNKNOWN, state=CONNECTING, exception={com.mongodb.MongoSocketOpenException: Exception opening socket}, caused by {java.net.ConnectException: Connexion refusée (Connection refused)}}]
	at com.mongodb.connection.BaseCluster.getDescription(BaseCluster.java:167)
	at com.mongodb.Mongo.getConnectedClusterDescription(Mongo.java:885)
	at com.mongodb.Mongo.createClientSession(Mongo.java:877)
	at com.mongodb.Mongo$3.getClientSession(Mongo.java:866)
	at com.mongodb.Mongo$3.execute(Mongo.java:823)
	at com.mongodb.MongoIterableImpl.execute(MongoIterableImpl.java:130)
	at com.mongodb.MongoIterableImpl.iterator(MongoIterableImpl.java:77)
	at com.mongodb.MongoIterableImpl.iterator(MongoIterableImpl.java:32)
	at kotlin.collections.CollectionsKt___CollectionsKt.firstOrNull(_Collections.kt:203)
	at fr.vsct.tock.bot.mongo.StoryDefinitionConfigurationMongoDAO.getLastUpdateTimestamp(StoryDefinitionConfigurationMongoDAO.kt:70)
	at fr.vsct.tock.bot.engine.config.BotConfigurationSynchronizer.refresh(BotConfigurationSynchronizer.kt:64)
	at fr.vsct.tock.bot.engine.config.BotConfigurationSynchronizer.access$refresh(BotConfigurationSynchronizer.kt:34)
	at fr.vsct.tock.bot.engine.config.BotConfigurationSynchronizer$2.invoke(BotConfigurationSynchronizer.kt:51)
	at fr.vsct.tock.bot.engine.config.BotConfigurationSynchronizer$2.invoke(BotConfigurationSynchronizer.kt:34)
	at fr.vsct.tock.shared.vertx.VertxKt$vertxExecutor$1.invoke(vertx.kt:113)
	at fr.vsct.tock.shared.vertx.VertxKt$vertxExecutor$1.access$invoke(vertx.kt:71)
	at fr.vsct.tock.shared.vertx.VertxKt$vertxExecutor$1$executeBlocking$2.invoke(vertx.kt:85)
	at fr.vsct.tock.shared.vertx.VertxKt$vertxExecutor$1$executeBlocking$2.invoke(vertx.kt:71)
	at fr.vsct.tock.shared.vertx.VertxKt$blocking$1.handle(vertx.kt:54)
	at fr.vsct.tock.shared.vertx.VertxKt$blocking$1.handle(vertx.kt)
	at io.vertx.core.impl.ContextImpl.lambda$executeBlocking$1(ContextImpl.java:273)
	at java.base/java.util.concurrent.ThreadPoolExecutor.runWorker(ThreadPoolExecutor.java:1167)
	at java.base/java.util.concurrent.ThreadPoolExecutor$Worker.run(ThreadPoolExecutor.java:641)
	at io.netty.util.concurrent.FastThreadLocalRunnable.run(FastThreadLocalRunnable.java:30)
	at java.base/java.lang.Thread.run(Thread.java:844)
2018-04-04T10:28:57.884 [vert.x-worker-thread-13] INFO  org.mongodb.driver.cluster - Cluster description not yet available. Waiting for 30000 ms before timing out
2018-04-04T10:28:57.886 [vert.x-worker-thread-10] ERROR fr.vsct.tock.bot.engine.config.BotConfigurationSynchronizer - Timed out after 30000 ms while waiting to connect. Client view of cluster state is {type=UNKNOWN, servers=[{address=localhost:27017, type=UNKNOWN, state=CONNECTING, exception={com.mongodb.MongoSocketOpenException: Exception opening socket}, caused by {java.net.ConnectException: Connexion refusée (Connection refused)}}]
com.mongodb.MongoTimeoutException: Timed out after 30000 ms while waiting to connect. Client view of cluster state is {type=UNKNOWN, servers=[{address=localhost:27017, type=UNKNOWN, state=CONNECTING, exception={com.mongodb.MongoSocketOpenException: Exception opening socket}, caused by {java.net.ConnectException: Connexion refusée (Connection refused)}}]
	at com.mongodb.connection.BaseCluster.getDescription(BaseCluster.java:167)
	at com.mongodb.Mongo.getConnectedClusterDescription(Mongo.java:885)
	at com.mongodb.Mongo.createClientSession(Mongo.java:877)
	at com.mongodb.Mongo$3.getClientSession(Mongo.java:866)
	at com.mongodb.Mongo$3.execute(Mongo.java:823)
	at com.mongodb.MongoIterableImpl.execute(MongoIterableImpl.java:130)
	at com.mongodb.MongoIterableImpl.iterator(MongoIterableImpl.java:77)
	at com.mongodb.MongoIterableImpl.iterator(MongoIterableImpl.java:32)
	at kotlin.collections.CollectionsKt___CollectionsKt.firstOrNull(_Collections.kt:203)
	at fr.vsct.tock.bot.mongo.StoryDefinitionConfigurationMongoDAO.getLastUpdateTimestamp(StoryDefinitionConfigurationMongoDAO.kt:70)
	at fr.vsct.tock.bot.engine.config.BotConfigurationSynchronizer.refresh(BotConfigurationSynchronizer.kt:64)
	at fr.vsct.tock.bot.engine.config.BotConfigurationSynchronizer.access$refresh(BotConfigurationSynchronizer.kt:34)
	at fr.vsct.tock.bot.engine.config.BotConfigurationSynchronizer$2.invoke(BotConfigurationSynchronizer.kt:51)
	at fr.vsct.tock.bot.engine.config.BotConfigurationSynchronizer$2.invoke(BotConfigurationSynchronizer.kt:34)
	at fr.vsct.tock.shared.vertx.VertxKt$vertxExecutor$1.invoke(vertx.kt:113)
	at fr.vsct.tock.shared.vertx.VertxKt$vertxExecutor$1.access$invoke(vertx.kt:71)
	at fr.vsct.tock.shared.vertx.VertxKt$vertxExecutor$1$executeBlocking$2.invoke(vertx.kt:85)
	at fr.vsct.tock.shared.vertx.VertxKt$vertxExecutor$1$executeBlocking$2.invoke(vertx.kt:71)
	at fr.vsct.tock.shared.vertx.VertxKt$blocking$1.handle(vertx.kt:54)
	at fr.vsct.tock.shared.vertx.VertxKt$blocking$1.handle(vertx.kt)
	at io.vertx.core.impl.ContextImpl.lambda$executeBlocking$1(ContextImpl.java:273)
	at java.base/java.util.concurrent.ThreadPoolExecutor.runWorker(ThreadPoolExecutor.java:1167)
	at java.base/java.util.concurrent.ThreadPoolExecutor$Worker.run(ThreadPoolExecutor.java:641)
	at io.netty.util.concurrent.FastThreadLocalRunnable.run(FastThreadLocalRunnable.java:30)
	at java.base/java.lang.Thread.run(Thread.java:844)
2018-04-04T10:28:57.887 [vert.x-worker-thread-10] INFO  org.mongodb.driver.cluster - Cluster description not yet available. Waiting for 30000 ms before timing out
2018-04-04T10:28:57.885 [vert.x-worker-thread-4] ERROR fr.vsct.tock.bot.engine.config.BotConfigurationSynchronizer - Timed out after 30000 ms while waiting to connect. Client view of cluster state is {type=UNKNOWN, servers=[{address=localhost:27017, type=UNKNOWN, state=CONNECTING, exception={com.mongodb.MongoSocketOpenException: Exception opening socket}, caused by {java.net.ConnectException: Connexion refusée (Connection refused)}}]
com.mongodb.MongoTimeoutException: Timed out after 30000 ms while waiting to connect. Client view of cluster state is {type=UNKNOWN, servers=[{address=localhost:27017, type=UNKNOWN, state=CONNECTING, exception={com.mongodb.MongoSocketOpenException: Exception opening socket}, caused by {java.net.ConnectException: Connexion refusée (Connection refused)}}]
	at com.mongodb.connection.BaseCluster.getDescription(BaseCluster.java:167)
	at com.mongodb.Mongo.getConnectedClusterDescription(Mongo.java:885)
	at com.mongodb.Mongo.createClientSession(Mongo.java:877)
	at com.mongodb.Mongo$3.getClientSession(Mongo.java:866)
	at com.mongodb.Mongo$3.execute(Mongo.java:823)
	at com.mongodb.MongoIterableImpl.execute(MongoIterableImpl.java:130)
	at com.mongodb.MongoIterableImpl.iterator(MongoIterableImpl.java:77)
	at com.mongodb.MongoIterableImpl.iterator(MongoIterableImpl.java:32)
	at kotlin.collections.CollectionsKt___CollectionsKt.firstOrNull(_Collections.kt:203)
	at fr.vsct.tock.bot.mongo.StoryDefinitionConfigurationMongoDAO.getLastUpdateTimestamp(StoryDefinitionConfigurationMongoDAO.kt:70)
	at fr.vsct.tock.bot.engine.config.BotConfigurationSynchronizer.refresh(BotConfigurationSynchronizer.kt:64)
	at fr.vsct.tock.bot.engine.config.BotConfigurationSynchronizer.access$refresh(BotConfigurationSynchronizer.kt:34)
	at fr.vsct.tock.bot.engine.config.BotConfigurationSynchronizer$2.invoke(BotConfigurationSynchronizer.kt:51)
	at fr.vsct.tock.bot.engine.config.BotConfigurationSynchronizer$2.invoke(BotConfigurationSynchronizer.kt:34)
	at fr.vsct.tock.shared.vertx.VertxKt$vertxExecutor$1.invoke(vertx.kt:113)
	at fr.vsct.tock.shared.vertx.VertxKt$vertxExecutor$1.access$invoke(vertx.kt:71)
	at fr.vsct.tock.shared.vertx.VertxKt$vertxExecutor$1$executeBlocking$2.invoke(vertx.kt:85)
	at fr.vsct.tock.shared.vertx.VertxKt$vertxExecutor$1$executeBlocking$2.invoke(vertx.kt:71)
	at fr.vsct.tock.shared.vertx.VertxKt$blocking$1.handle(vertx.kt:54)
	at fr.vsct.tock.shared.vertx.VertxKt$blocking$1.handle(vertx.kt)
	at io.vertx.core.impl.ContextImpl.lambda$executeBlocking$1(ContextImpl.java:273)
	at java.base/java.util.concurrent.ThreadPoolExecutor.runWorker(ThreadPoolExecutor.java:1167)
	at java.base/java.util.concurrent.ThreadPoolExecutor$Worker.run(ThreadPoolExecutor.java:641)
	at io.netty.util.concurrent.FastThreadLocalRunnable.run(FastThreadLocalRunnable.java:30)
	at java.base/java.lang.Thread.run(Thread.java:844)
2018-04-04T10:28:57.887 [vert.x-worker-thread-7] ERROR fr.vsct.tock.bot.engine.config.BotConfigurationSynchronizer - Timed out after 30000 ms while waiting to connect. Client view of cluster state is {type=UNKNOWN, servers=[{address=localhost:27017, type=UNKNOWN, state=CONNECTING, exception={com.mongodb.MongoSocketOpenException: Exception opening socket}, caused by {java.net.ConnectException: Connexion refusée (Connection refused)}}]
com.mongodb.MongoTimeoutException: Timed out after 30000 ms while waiting to connect. Client view of cluster state is {type=UNKNOWN, servers=[{address=localhost:27017, type=UNKNOWN, state=CONNECTING, exception={com.mongodb.MongoSocketOpenException: Exception opening socket}, caused by {java.net.ConnectException: Connexion refusée (Connection refused)}}]
	at com.mongodb.connection.BaseCluster.getDescription(BaseCluster.java:167)
	at com.mongodb.Mongo.getConnectedClusterDescription(Mongo.java:885)
	at com.mongodb.Mongo.createClientSession(Mongo.java:877)
	at com.mongodb.Mongo$3.getClientSession(Mongo.java:866)
	at com.mongodb.Mongo$3.execute(Mongo.java:823)
	at com.mongodb.MongoIterableImpl.execute(MongoIterableImpl.java:130)
	at com.mongodb.MongoIterableImpl.iterator(MongoIterableImpl.java:77)
	at com.mongodb.MongoIterableImpl.iterator(MongoIterableImpl.java:32)
	at kotlin.collections.CollectionsKt___CollectionsKt.firstOrNull(_Collections.kt:203)
	at fr.vsct.tock.bot.mongo.StoryDefinitionConfigurationMongoDAO.getLastUpdateTimestamp(StoryDefinitionConfigurationMongoDAO.kt:70)
	at fr.vsct.tock.bot.engine.config.BotConfigurationSynchronizer.refresh(BotConfigurationSynchronizer.kt:64)
	at fr.vsct.tock.bot.engine.config.BotConfigurationSynchronizer.access$refresh(BotConfigurationSynchronizer.kt:34)
	at fr.vsct.tock.bot.engine.config.BotConfigurationSynchronizer$2.invoke(BotConfigurationSynchronizer.kt:51)
	at fr.vsct.tock.bot.engine.config.BotConfigurationSynchronizer$2.invoke(BotConfigurationSynchronizer.kt:34)
	at fr.vsct.tock.shared.vertx.VertxKt$vertxExecutor$1.invoke(vertx.kt:113)
	at fr.vsct.tock.shared.vertx.VertxKt$vertxExecutor$1.access$invoke(vertx.kt:71)
	at fr.vsct.tock.shared.vertx.VertxKt$vertxExecutor$1$executeBlocking$2.invoke(vertx.kt:85)
	at fr.vsct.tock.shared.vertx.VertxKt$vertxExecutor$1$executeBlocking$2.invoke(vertx.kt:71)
	at fr.vsct.tock.shared.vertx.VertxKt$blocking$1.handle(vertx.kt:54)
	at fr.vsct.tock.shared.vertx.VertxKt$blocking$1.handle(vertx.kt)
	at io.vertx.core.impl.ContextImpl.lambda$executeBlocking$1(ContextImpl.java:273)
	at java.base/java.util.concurrent.ThreadPoolExecutor.runWorker(ThreadPoolExecutor.java:1167)
	at java.base/java.util.concurrent.ThreadPoolExecutor$Worker.run(ThreadPoolExecutor.java:641)
	at io.netty.util.concurrent.FastThreadLocalRunnable.run(FastThreadLocalRunnable.java:30)
	at java.base/java.lang.Thread.run(Thread.java:844)
2018-04-04T10:28:57.893 [vert.x-worker-thread-7] INFO  org.mongodb.driver.cluster - Cluster description not yet available. Waiting for 30000 ms before timing out
2018-04-04T10:29:07.865 [vert.x-worker-thread-14] INFO  org.mongodb.driver.cluster - Cluster description not yet available. Waiting for 30000 ms before timing out
2018-04-04T10:29:07.876 [vert.x-worker-thread-8] ERROR fr.vsct.tock.bot.engine.config.BotConfigurationSynchronizer - Timed out after 30000 ms while waiting to connect. Client view of cluster state is {type=UNKNOWN, servers=[{address=localhost:27017, type=UNKNOWN, state=CONNECTING, exception={com.mongodb.MongoSocketOpenException: Exception opening socket}, caused by {java.net.ConnectException: Connexion refusée (Connection refused)}}]
com.mongodb.MongoTimeoutException: Timed out after 30000 ms while waiting to connect. Client view of cluster state is {type=UNKNOWN, servers=[{address=localhost:27017, type=UNKNOWN, state=CONNECTING, exception={com.mongodb.MongoSocketOpenException: Exception opening socket}, caused by {java.net.ConnectException: Connexion refusée (Connection refused)}}]
	at com.mongodb.connection.BaseCluster.getDescription(BaseCluster.java:167)
	at com.mongodb.Mongo.getConnectedClusterDescription(Mongo.java:885)
	at com.mongodb.Mongo.createClientSession(Mongo.java:877)
	at com.mongodb.Mongo$3.getClientSession(Mongo.java:866)
	at com.mongodb.Mongo$3.execute(Mongo.java:823)
	at com.mongodb.MongoIterableImpl.execute(MongoIterableImpl.java:130)
	at com.mongodb.MongoIterableImpl.iterator(MongoIterableImpl.java:77)
	at com.mongodb.MongoIterableImpl.iterator(MongoIterableImpl.java:32)
	at kotlin.collections.CollectionsKt___CollectionsKt.firstOrNull(_Collections.kt:203)
	at fr.vsct.tock.bot.mongo.StoryDefinitionConfigurationMongoDAO.getLastUpdateTimestamp(StoryDefinitionConfigurationMongoDAO.kt:70)
	at fr.vsct.tock.bot.engine.config.BotConfigurationSynchronizer.refresh(BotConfigurationSynchronizer.kt:64)
	at fr.vsct.tock.bot.engine.config.BotConfigurationSynchronizer.access$refresh(BotConfigurationSynchronizer.kt:34)
	at fr.vsct.tock.bot.engine.config.BotConfigurationSynchronizer$2.invoke(BotConfigurationSynchronizer.kt:51)
	at fr.vsct.tock.bot.engine.config.BotConfigurationSynchronizer$2.invoke(BotConfigurationSynchronizer.kt:34)
	at fr.vsct.tock.shared.vertx.VertxKt$vertxExecutor$1.invoke(vertx.kt:113)
	at fr.vsct.tock.shared.vertx.VertxKt$vertxExecutor$1.access$invoke(vertx.kt:71)
	at fr.vsct.tock.shared.vertx.VertxKt$vertxExecutor$1$executeBlocking$2.invoke(vertx.kt:85)
	at fr.vsct.tock.shared.vertx.VertxKt$vertxExecutor$1$executeBlocking$2.invoke(vertx.kt:71)
	at fr.vsct.tock.shared.vertx.VertxKt$blocking$1.handle(vertx.kt:54)
	at fr.vsct.tock.shared.vertx.VertxKt$blocking$1.handle(vertx.kt)
	at io.vertx.core.impl.ContextImpl.lambda$executeBlocking$1(ContextImpl.java:273)
	at java.base/java.util.concurrent.ThreadPoolExecutor.runWorker(ThreadPoolExecutor.java:1167)
	at java.base/java.util.concurrent.ThreadPoolExecutor$Worker.run(ThreadPoolExecutor.java:641)
	at io.netty.util.concurrent.FastThreadLocalRunnable.run(FastThreadLocalRunnable.java:30)
	at java.base/java.lang.Thread.run(Thread.java:844)
2018-04-04T10:29:07.877 [vert.x-worker-thread-8] INFO  org.mongodb.driver.cluster - Cluster description not yet available. Waiting for 30000 ms before timing out
2018-04-04T10:29:07.877 [vert.x-worker-thread-11] ERROR fr.vsct.tock.bot.engine.config.BotConfigurationSynchronizer - Timed out after 30000 ms while waiting to connect. Client view of cluster state is {type=UNKNOWN, servers=[{address=localhost:27017, type=UNKNOWN, state=CONNECTING, exception={com.mongodb.MongoSocketOpenException: Exception opening socket}, caused by {java.net.ConnectException: Connexion refusée (Connection refused)}}]
com.mongodb.MongoTimeoutException: Timed out after 30000 ms while waiting to connect. Client view of cluster state is {type=UNKNOWN, servers=[{address=localhost:27017, type=UNKNOWN, state=CONNECTING, exception={com.mongodb.MongoSocketOpenException: Exception opening socket}, caused by {java.net.ConnectException: Connexion refusée (Connection refused)}}]
	at com.mongodb.connection.BaseCluster.getDescription(BaseCluster.java:167)
	at com.mongodb.Mongo.getConnectedClusterDescription(Mongo.java:885)
	at com.mongodb.Mongo.createClientSession(Mongo.java:877)
	at com.mongodb.Mongo$3.getClientSession(Mongo.java:866)
	at com.mongodb.Mongo$3.execute(Mongo.java:823)
	at com.mongodb.MongoIterableImpl.execute(MongoIterableImpl.java:130)
	at com.mongodb.MongoIterableImpl.iterator(MongoIterableImpl.java:77)
	at com.mongodb.MongoIterableImpl.iterator(MongoIterableImpl.java:32)
	at kotlin.collections.CollectionsKt___CollectionsKt.firstOrNull(_Collections.kt:203)
	at fr.vsct.tock.bot.mongo.StoryDefinitionConfigurationMongoDAO.getLastUpdateTimestamp(StoryDefinitionConfigurationMongoDAO.kt:70)
	at fr.vsct.tock.bot.engine.config.BotConfigurationSynchronizer.refresh(BotConfigurationSynchronizer.kt:64)
	at fr.vsct.tock.bot.engine.config.BotConfigurationSynchronizer.access$refresh(BotConfigurationSynchronizer.kt:34)
	at fr.vsct.tock.bot.engine.config.BotConfigurationSynchronizer$2.invoke(BotConfigurationSynchronizer.kt:51)
	at fr.vsct.tock.bot.engine.config.BotConfigurationSynchronizer$2.invoke(BotConfigurationSynchronizer.kt:34)
	at fr.vsct.tock.shared.vertx.VertxKt$vertxExecutor$1.invoke(vertx.kt:113)
	at fr.vsct.tock.shared.vertx.VertxKt$vertxExecutor$1.access$invoke(vertx.kt:71)
	at fr.vsct.tock.shared.vertx.VertxKt$vertxExecutor$1$executeBlocking$2.invoke(vertx.kt:85)
	at fr.vsct.tock.shared.vertx.VertxKt$vertxExecutor$1$executeBlocking$2.invoke(vertx.kt:71)
	at fr.vsct.tock.shared.vertx.VertxKt$blocking$1.handle(vertx.kt:54)
	at fr.vsct.tock.shared.vertx.VertxKt$blocking$1.handle(vertx.kt)
	at io.vertx.core.impl.ContextImpl.lambda$executeBlocking$1(ContextImpl.java:273)
	at java.base/java.util.concurrent.ThreadPoolExecutor.runWorker(ThreadPoolExecutor.java:1167)
	at java.base/java.util.concurrent.ThreadPoolExecutor$Worker.run(ThreadPoolExecutor.java:641)
	at io.netty.util.concurrent.FastThreadLocalRunnable.run(FastThreadLocalRunnable.java:30)
	at java.base/java.lang.Thread.run(Thread.java:844)
2018-04-04T10:29:07.878 [vert.x-worker-thread-11] INFO  org.mongodb.driver.cluster - Cluster description not yet available. Waiting for 30000 ms before timing out
2018-04-04T10:29:07.883 [vert.x-worker-thread-5] ERROR fr.vsct.tock.bot.engine.config.BotConfigurationSynchronizer - Timed out after 30000 ms while waiting to connect. Client view of cluster state is {type=UNKNOWN, servers=[{address=localhost:27017, type=UNKNOWN, state=CONNECTING, exception={com.mongodb.MongoSocketOpenException: Exception opening socket}, caused by {java.net.ConnectException: Connexion refusée (Connection refused)}}]
com.mongodb.MongoTimeoutException: Timed out after 30000 ms while waiting to connect. Client view of cluster state is {type=UNKNOWN, servers=[{address=localhost:27017, type=UNKNOWN, state=CONNECTING, exception={com.mongodb.MongoSocketOpenException: Exception opening socket}, caused by {java.net.ConnectException: Connexion refusée (Connection refused)}}]
	at com.mongodb.connection.BaseCluster.getDescription(BaseCluster.java:167)
	at com.mongodb.Mongo.getConnectedClusterDescription(Mongo.java:885)
	at com.mongodb.Mongo.createClientSession(Mongo.java:877)
	at com.mongodb.Mongo$3.getClientSession(Mongo.java:866)
	at com.mongodb.Mongo$3.execute(Mongo.java:823)
	at com.mongodb.MongoIterableImpl.execute(MongoIterableImpl.java:130)
	at com.mongodb.MongoIterableImpl.iterator(MongoIterableImpl.java:77)
	at com.mongodb.MongoIterableImpl.iterator(MongoIterableImpl.java:32)
	at kotlin.collections.CollectionsKt___CollectionsKt.firstOrNull(_Collections.kt:203)
	at fr.vsct.tock.bot.mongo.StoryDefinitionConfigurationMongoDAO.getLastUpdateTimestamp(StoryDefinitionConfigurationMongoDAO.kt:70)
	at fr.vsct.tock.bot.engine.config.BotConfigurationSynchronizer.refresh(BotConfigurationSynchronizer.kt:64)
	at fr.vsct.tock.bot.engine.config.BotConfigurationSynchronizer.access$refresh(BotConfigurationSynchronizer.kt:34)
	at fr.vsct.tock.bot.engine.config.BotConfigurationSynchronizer$2.invoke(BotConfigurationSynchronizer.kt:51)
	at fr.vsct.tock.bot.engine.config.BotConfigurationSynchronizer$2.invoke(BotConfigurationSynchronizer.kt:34)
	at fr.vsct.tock.shared.vertx.VertxKt$vertxExecutor$1.invoke(vertx.kt:113)
	at fr.vsct.tock.shared.vertx.VertxKt$vertxExecutor$1.access$invoke(vertx.kt:71)
	at fr.vsct.tock.shared.vertx.VertxKt$vertxExecutor$1$executeBlocking$2.invoke(vertx.kt:85)
	at fr.vsct.tock.shared.vertx.VertxKt$vertxExecutor$1$executeBlocking$2.invoke(vertx.kt:71)
	at fr.vsct.tock.shared.vertx.VertxKt$blocking$1.handle(vertx.kt:54)
	at fr.vsct.tock.shared.vertx.VertxKt$blocking$1.handle(vertx.kt)
	at io.vertx.core.impl.ContextImpl.lambda$executeBlocking$1(ContextImpl.java:273)
	at java.base/java.util.concurrent.ThreadPoolExecutor.runWorker(ThreadPoolExecutor.java:1167)
	at java.base/java.util.concurrent.ThreadPoolExecutor$Worker.run(ThreadPoolExecutor.java:641)
	at io.netty.util.concurrent.FastThreadLocalRunnable.run(FastThreadLocalRunnable.java:30)
	at java.base/java.lang.Thread.run(Thread.java:844)
2018-04-04T12:20:13.887 [main] INFO  fr.vsct.tock.shared.jackson.Jackson - init jackson mapper
2018-04-04T12:20:14.406 [main] DEBUG fr.vsct.tock.bot.BotIoc - Start bot injection
2018-04-04T12:20:14.495 [main] INFO  fr.vsct.tock.shared.Mongo - get database tock_bot
2018-04-04T12:20:14.497 [main] INFO  fr.vsct.tock.shared.Mongo - init mongo jackson mapper with additional modules [com.fasterxml.jackson.databind.module.SimpleModule@60f00693]
2018-04-04T12:20:15.656 [main] INFO  org.mongodb.driver.cluster - Cluster created with settings {hosts=[localhost:27017], mode=SINGLE, requiredClusterType=UNKNOWN, serverSelectionTimeout='30000 ms', maxWaitQueueSize=500}
2018-04-04T12:20:15.769 [cluster-ClusterId{value='5ac4a6df4864f55198db31ce', description='null'}-localhost:27017] INFO  org.mongodb.driver.cluster - Exception in monitor thread while connecting to server localhost:27017
com.mongodb.MongoSocketOpenException: Exception opening socket
	at com.mongodb.connection.SocketStream.open(SocketStream.java:62)
	at com.mongodb.connection.InternalStreamConnection.open(InternalStreamConnection.java:126)
	at com.mongodb.connection.DefaultServerMonitor$ServerMonitorRunnable.run(DefaultServerMonitor.java:114)
	at java.base/java.lang.Thread.run(Thread.java:844)
Caused by: java.net.ConnectException: Connexion refusée (Connection refused)
	at java.base/java.net.PlainSocketImpl.socketConnect(Native Method)
	at java.base/java.net.AbstractPlainSocketImpl.doConnect(AbstractPlainSocketImpl.java:400)
	at java.base/java.net.AbstractPlainSocketImpl.connectToAddress(AbstractPlainSocketImpl.java:243)
	at java.base/java.net.AbstractPlainSocketImpl.connect(AbstractPlainSocketImpl.java:225)
	at java.base/java.net.SocksSocketImpl.connect(SocksSocketImpl.java:402)
	at java.base/java.net.Socket.connect(Socket.java:591)
	at com.mongodb.connection.SocketStreamHelper.initialize(SocketStreamHelper.java:59)
	at com.mongodb.connection.SocketStream.open(SocketStream.java:57)
	... 3 common frames omitted
2018-04-04T12:20:15.824 [main] INFO  org.mongodb.driver.cluster - Cluster description not yet available. Waiting for 30000 ms before timing out
2018-04-04T12:26:58.519 [main] INFO  fr.vsct.tock.shared.jackson.Jackson - init jackson mapper
2018-04-04T12:26:59.091 [main] DEBUG fr.vsct.tock.bot.BotIoc - Start bot injection
2018-04-04T12:26:59.193 [main] INFO  fr.vsct.tock.shared.Mongo - get database tock_bot
2018-04-04T12:26:59.195 [main] INFO  fr.vsct.tock.shared.Mongo - init mongo jackson mapper with additional modules [com.fasterxml.jackson.databind.module.SimpleModule@50378a4]
2018-04-04T12:27:00.344 [main] INFO  org.mongodb.driver.cluster - Cluster created with settings {hosts=[localhost:27017], mode=SINGLE, requiredClusterType=UNKNOWN, serverSelectionTimeout='30000 ms', maxWaitQueueSize=500}
2018-04-04T12:27:00.558 [main] INFO  org.mongodb.driver.cluster - Cluster description not yet available. Waiting for 30000 ms before timing out
2018-04-04T12:27:00.565 [cluster-ClusterId{value='5ac4a8744608b455e8445038', description='null'}-localhost:27017] INFO  org.mongodb.driver.connection - Opened connection [connectionId{localValue:1, serverValue:7}] to localhost:27017
2018-04-04T12:27:00.578 [cluster-ClusterId{value='5ac4a8744608b455e8445038', description='null'}-localhost:27017] INFO  org.mongodb.driver.cluster - Monitor thread successfully connected to server with description ServerDescription{address=localhost:27017, type=STANDALONE, state=CONNECTED, ok=true, version=ServerVersion{versionList=[3, 6, 3]}, minWireVersion=0, maxWireVersion=6, maxDocumentSize=16777216, logicalSessionTimeoutMinutes=30, roundTripTimeNanos=9494245}
2018-04-04T12:27:00.650 [main] INFO  org.mongodb.driver.connection - Opened connection [connectionId{localValue:2, serverValue:8}] to localhost:27017
2018-04-04T12:27:01.009 [main] INFO  fr.vsct.tock.bot.engine.TockConnectorController - Register connector Connector(messenger) for bot Wrapper(fr.vsct.tock.bot.definition.BotDefinitionBase@5467eea4)
2018-04-04T12:27:03.347 [main] INFO  fr.vsct.tock.bot.engine.config.BotConfigurationSynchronizer - start bot configuration synchronizer
2018-04-04T12:27:03.995 [main] INFO  fr.vsct.tock.bot.engine.TockConnectorController - Register connector Connector(rest) for bot Wrapper(fr.vsct.tock.bot.definition.BotDefinitionBase@5467eea4)
2018-04-04T12:27:03.996 [main] INFO  fr.vsct.tock.bot.connector.rest.RestConnector - deploy rest connector to /rest/rest-Please specify facebook page id
2018-04-04T12:27:04.008 [main] INFO  fr.vsct.tock.bot.engine.TockConnectorController - Register connector Connector(ga) for bot Wrapper(fr.vsct.tock.bot.definition.BotDefinitionBase@5467eea4)
2018-04-04T12:27:04.015 [main] INFO  fr.vsct.tock.bot.engine.TockConnectorController - Register connector Connector(rest) for bot Wrapper(fr.vsct.tock.bot.definition.BotDefinitionBase@5467eea4)
2018-04-04T12:27:04.016 [main] INFO  fr.vsct.tock.bot.connector.rest.RestConnector - deploy rest connector to /rest/rest-gaApp
2018-04-04T12:27:04.049 [main] INFO  fr.vsct.tock.bot.engine.TockConnectorController - Register connector Connector(slack) for bot Wrapper(fr.vsct.tock.bot.definition.BotDefinitionBase@5467eea4)
2018-04-04T12:27:04.057 [main] INFO  fr.vsct.tock.bot.engine.TockConnectorController - Register connector Connector(rest) for bot Wrapper(fr.vsct.tock.bot.definition.BotDefinitionBase@5467eea4)
2018-04-04T12:27:04.057 [main] INFO  fr.vsct.tock.bot.connector.rest.RestConnector - deploy rest connector to /rest/rest-slackApp
2018-04-04T12:27:04.076 [main] INFO  fr.vsct.tock.bot.engine.TockConnectorController - Register connector Connector(alexa) for bot Wrapper(fr.vsct.tock.bot.definition.BotDefinitionBase@5467eea4)
2018-04-04T12:27:04.086 [main] INFO  fr.vsct.tock.bot.engine.TockConnectorController - Register connector Connector(rest) for bot Wrapper(fr.vsct.tock.bot.definition.BotDefinitionBase@5467eea4)
2018-04-04T12:27:04.086 [main] INFO  fr.vsct.tock.bot.connector.rest.RestConnector - deploy rest connector to /rest/rest-alexaApp
2018-04-04T12:27:04.149 [vert.x-worker-thread-0] INFO  fr.vsct.tock.bot.connector.messenger.MessengerConnector - deploy rest messenger connector services for root path /messenger 
2018-04-04T12:27:04.153 [vert.x-worker-thread-0] INFO  fr.vsct.tock.bot.connector.ga.GAConnector - deploy rest google assistant services for root path /ga/gaApp 
2018-04-04T12:27:04.155 [vert.x-worker-thread-0] INFO  fr.vsct.tock.bot.connector.alexa.AlexaConnector - deploy rest alexa services for root path /alexa/alexaApp 
2018-04-04T12:27:04.385 [vert.x-eventloop-thread-1] INFO  fr.vsct.tock.bot.engine.BotVerticle - BotVerticle started on port 8181
2018-04-04T14:29:51.465 [main] DEBUG io.mockk.impl.instantiation.AbstractMockFactory - Creating mockk for I18nDAO name=#1, moreInterfaces=[]
2018-04-04T14:29:55.112 [main] DEBUG io.mockk.impl.instantiation.AbstractMockFactory - Creating mockk for NlpClient name=#2, moreInterfaces=[]
2018-04-04T14:29:55.652 [main] DEBUG io.mockk.impl.instantiation.AbstractMockFactory - Creating mockk for NlpController name=#3, moreInterfaces=[]
2018-04-04T14:29:55.921 [main] DEBUG io.mockk.impl.instantiation.AbstractMockFactory - Creating mockk for BotApplicationConfigurationDAO name=#4, moreInterfaces=[]
2018-04-04T14:29:56.061 [main] DEBUG io.mockk.impl.instantiation.AbstractMockFactory - Creating mockk for StoryDefinitionConfigurationDAO name=#5, moreInterfaces=[]
2018-04-04T14:29:56.225 [main] DEBUG io.mockk.impl.instantiation.AbstractMockFactory - Creating mockk for UserTimelineDAO name=#6, moreInterfaces=[]
2018-04-04T14:29:56.393 [main] DEBUG io.mockk.impl.instantiation.AbstractMockFactory - Creating mockk for UserReportDAO name=#7, moreInterfaces=[]
2018-04-04T14:29:56.482 [main] DEBUG io.mockk.impl.instantiation.AbstractMockFactory - Creating mockk for DialogReportDAO name=#8, moreInterfaces=[]
2018-04-04T14:29:56.561 [main] DEBUG io.mockk.impl.instantiation.AbstractMockFactory - Creating mockk for TestPlanDAO name=#9, moreInterfaces=[]
2018-04-04T14:29:56.676 [main] DEBUG io.mockk.impl.instantiation.AbstractMockFactory - Creating mockk for UserLock name=#10, moreInterfaces=[]
2018-04-04T14:29:56.828 [main] DEBUG io.mockk.impl.instantiation.AbstractMockFactory - Creating mockk for I18nDAO name=#11, moreInterfaces=[]
2018-04-04T14:29:56.829 [main] DEBUG io.mockk.impl.instantiation.AbstractMockFactory - Creating mockk for NlpClient name=#12, moreInterfaces=[]
2018-04-04T14:29:56.830 [main] DEBUG io.mockk.impl.instantiation.AbstractMockFactory - Creating mockk for NlpController name=#13, moreInterfaces=[]
2018-04-04T14:29:56.831 [main] DEBUG io.mockk.impl.instantiation.AbstractMockFactory - Creating mockk for BotApplicationConfigurationDAO name=#14, moreInterfaces=[]
2018-04-04T14:29:56.831 [main] DEBUG io.mockk.impl.instantiation.AbstractMockFactory - Creating mockk for StoryDefinitionConfigurationDAO name=#15, moreInterfaces=[]
2018-04-04T14:29:56.832 [main] DEBUG io.mockk.impl.instantiation.AbstractMockFactory - Creating mockk for UserTimelineDAO name=#16, moreInterfaces=[]
2018-04-04T14:29:56.832 [main] DEBUG io.mockk.impl.instantiation.AbstractMockFactory - Creating mockk for UserReportDAO name=#17, moreInterfaces=[]
2018-04-04T14:29:56.833 [main] DEBUG io.mockk.impl.instantiation.AbstractMockFactory - Creating mockk for DialogReportDAO name=#18, moreInterfaces=[]
2018-04-04T14:29:56.834 [main] DEBUG io.mockk.impl.instantiation.AbstractMockFactory - Creating mockk for TestPlanDAO name=#19, moreInterfaces=[]
2018-04-04T14:29:56.835 [main] DEBUG io.mockk.impl.instantiation.AbstractMockFactory - Creating mockk for UserLock name=#20, moreInterfaces=[]
2018-04-04T14:29:57.672 [main] DEBUG io.mockk.impl.instantiation.AbstractMockFactory - Creating mockk for I18nDAO name=#21, moreInterfaces=[]
2018-04-04T14:29:57.673 [main] DEBUG io.mockk.impl.instantiation.AbstractMockFactory - Creating mockk for NlpClient name=#22, moreInterfaces=[]
2018-04-04T14:29:57.673 [main] DEBUG io.mockk.impl.instantiation.AbstractMockFactory - Creating mockk for NlpController name=#23, moreInterfaces=[]
2018-04-04T14:29:57.673 [main] DEBUG io.mockk.impl.instantiation.AbstractMockFactory - Creating mockk for BotApplicationConfigurationDAO name=#24, moreInterfaces=[]
2018-04-04T14:29:57.674 [main] DEBUG io.mockk.impl.instantiation.AbstractMockFactory - Creating mockk for StoryDefinitionConfigurationDAO name=#25, moreInterfaces=[]
2018-04-04T14:29:57.674 [main] DEBUG io.mockk.impl.instantiation.AbstractMockFactory - Creating mockk for UserTimelineDAO name=#26, moreInterfaces=[]
2018-04-04T14:29:57.674 [main] DEBUG io.mockk.impl.instantiation.AbstractMockFactory - Creating mockk for UserReportDAO name=#27, moreInterfaces=[]
2018-04-04T14:29:57.674 [main] DEBUG io.mockk.impl.instantiation.AbstractMockFactory - Creating mockk for DialogReportDAO name=#28, moreInterfaces=[]
2018-04-04T14:29:57.674 [main] DEBUG io.mockk.impl.instantiation.AbstractMockFactory - Creating mockk for TestPlanDAO name=#29, moreInterfaces=[]
2018-04-04T14:29:57.675 [main] DEBUG io.mockk.impl.instantiation.AbstractMockFactory - Creating mockk for UserLock name=#30, moreInterfaces=[]
2018-04-04T14:29:58.362 [main] DEBUG io.mockk.impl.instantiation.AbstractMockFactory - Creating mockk for I18nDAO name=#31, moreInterfaces=[]
2018-04-04T14:29:58.364 [main] DEBUG io.mockk.impl.instantiation.AbstractMockFactory - Creating mockk for NlpClient name=#32, moreInterfaces=[]
2018-04-04T14:29:58.364 [main] DEBUG io.mockk.impl.instantiation.AbstractMockFactory - Creating mockk for NlpController name=#33, moreInterfaces=[]
2018-04-04T14:29:58.364 [main] DEBUG io.mockk.impl.instantiation.AbstractMockFactory - Creating mockk for BotApplicationConfigurationDAO name=#34, moreInterfaces=[]
2018-04-04T14:29:58.365 [main] DEBUG io.mockk.impl.instantiation.AbstractMockFactory - Creating mockk for StoryDefinitionConfigurationDAO name=#35, moreInterfaces=[]
2018-04-04T14:29:58.365 [main] DEBUG io.mockk.impl.instantiation.AbstractMockFactory - Creating mockk for UserTimelineDAO name=#36, moreInterfaces=[]
2018-04-04T14:29:58.365 [main] DEBUG io.mockk.impl.instantiation.AbstractMockFactory - Creating mockk for UserReportDAO name=#37, moreInterfaces=[]
2018-04-04T14:29:58.366 [main] DEBUG io.mockk.impl.instantiation.AbstractMockFactory - Creating mockk for DialogReportDAO name=#38, moreInterfaces=[]
2018-04-04T14:29:58.366 [main] DEBUG io.mockk.impl.instantiation.AbstractMockFactory - Creating mockk for TestPlanDAO name=#39, moreInterfaces=[]
2018-04-04T14:29:58.367 [main] DEBUG io.mockk.impl.instantiation.AbstractMockFactory - Creating mockk for UserLock name=#40, moreInterfaces=[]
2018-04-04T14:29:58.386 [main] DEBUG io.mockk.impl.instantiation.AbstractMockFactory - Creating mockk for I18nDAO name=#41, moreInterfaces=[]
2018-04-04T14:29:58.388 [main] DEBUG io.mockk.impl.instantiation.AbstractMockFactory - Creating mockk for NlpClient name=#42, moreInterfaces=[]
2018-04-04T14:29:58.389 [main] DEBUG io.mockk.impl.instantiation.AbstractMockFactory - Creating mockk for NlpController name=#43, moreInterfaces=[]
2018-04-04T14:29:58.391 [main] DEBUG io.mockk.impl.instantiation.AbstractMockFactory - Creating mockk for BotApplicationConfigurationDAO name=#44, moreInterfaces=[]
2018-04-04T14:29:58.391 [main] DEBUG io.mockk.impl.instantiation.AbstractMockFactory - Creating mockk for StoryDefinitionConfigurationDAO name=#45, moreInterfaces=[]
2018-04-04T14:29:58.392 [main] DEBUG io.mockk.impl.instantiation.AbstractMockFactory - Creating mockk for UserTimelineDAO name=#46, moreInterfaces=[]
2018-04-04T14:29:58.393 [main] DEBUG io.mockk.impl.instantiation.AbstractMockFactory - Creating mockk for UserReportDAO name=#47, moreInterfaces=[]
2018-04-04T14:29:58.393 [main] DEBUG io.mockk.impl.instantiation.AbstractMockFactory - Creating mockk for DialogReportDAO name=#48, moreInterfaces=[]
2018-04-04T14:29:58.394 [main] DEBUG io.mockk.impl.instantiation.AbstractMockFactory - Creating mockk for TestPlanDAO name=#49, moreInterfaces=[]
2018-04-04T14:29:58.394 [main] DEBUG io.mockk.impl.instantiation.AbstractMockFactory - Creating mockk for UserLock name=#50, moreInterfaces=[]
